[0423/180126.087:ERROR:process_memory_win.cc(73)] ReadMemory at 0x7ffc4ad095b0 of 16 bytes failed: Only part of a ReadProcessMemory or WriteProcessMemory request was completed. (0x12B)
[0423/180127.124:WARNING:pe_image_resource_reader.cc(241)] could not read resource directory from C:\Windows\system32\MSCTF.dll resources
[0423/180127.125:ERROR:process_memory_win.cc(73)] ReadMemory at 0x7ffc21c10000 of 64 bytes failed: Only part of a ReadProcessMemory or WriteProcessMemory request was completed. (0x12B)
[0423/180127.125:WARNING:pe_image_reader.cc(340)] could not read dos header from C:\Program Files (x86)\Google\Chrome\Application\73.0.3683.103\chrome_child.dll
[0423/180127.125:ERROR:process_memory_win.cc(73)] ReadMemory at 0x7ffc4b550000 of 64 bytes failed: Only part of a ReadProcessMemory or WriteProcessMemory request was completed. (0x12B)
[0423/180127.289:WARNING:pe_image_reader.cc(340)] could not read dos header from C:\Windows\system32\WS2_32.dll
[0423/180127.289:ERROR:process_memory_win.cc(73)] ReadMemory at 0x9b38e20000 of 64 bytes failed: Only part of a ReadProcessMemory or WriteProcessMemory request was completed. (0x12B)
[0423/180127.289:WARNING:pe_image_reader.cc(340)] could not read dos header from C:\Windows\system32\NSI.dll
[0423/180127.289:ERROR:process_memory_win.cc(73)] ReadMemory at 0x7ffc4ad50000 of 64 bytes failed: Only part of a ReadProcessMemory or WriteProcessMemory request was completed. (0x12B)
[0423/180127.290:WARNING:pe_image_reader.cc(340)] could not read dos header from C:\Windows\system32\ole32.dll
[0423/180127.290:ERROR:process_memory_win.cc(73)] ReadMemory at 0x7ffc4a540000 of 64 bytes failed: Only part of a ReadProcessMemory or WriteProcessMemory request was completed. (0x12B)
[0423/180127.290:WARNING:pe_image_reader.cc(340)] could not read dos header from C:\Windows\system32\OLEAUT32.dll
[0423/180127.290:ERROR:process_memory_win.cc(73)] ReadMemory at 0x7ffc481b0000 of 64 bytes failed: Only part of a ReadProcessMemory or WriteProcessMemory request was completed. (0x12B)
[0423/180127.290:WARNING:pe_image_reader.cc(340)] could not read dos header from C:\Windows\system32\WINTRUST.dll
[0423/180127.290:ERROR:process_memory_win.cc(73)] ReadMemory at 0x7ffc480c0000 of 64 bytes failed: Only part of a ReadProcessMemory or WriteProcessMemory request was completed. (0x12B)
[0423/180127.290:WARNING:pe_image_reader.cc(340)] could not read dos header from C:\Windows\system32\MSASN1.dll
[0423/180127.290:ERROR:process_memory_win.cc(73)] ReadMemory at 0x7ffc484b0000 of 64 bytes failed: Only part of a ReadProcessMemory or WriteProcessMemory request was completed. (0x12B)
[0423/180127.290:WARNING:pe_image_reader.cc(340)] could not read dos header from C:\Windows\system32\CRYPT32.dll
[0423/180127.291:ERROR:process_memory_win.cc(73)] ReadMemory at 0x7ffc4b460000 of 64 bytes failed: Only part of a ReadProcessMemory or WriteProcessMemory request was completed. (0x12B)
[0423/180127.291:WARNING:pe_image_reader.cc(340)] could not read dos header from C:\Windows\system32\COMDLG32.dll
[0423/180127.291:ERROR:process_memory_win.cc(73)] ReadMemory at 0x7ffc44770000 of 64 bytes failed: Only part of a ReadProcessMemory or WriteProcessMemory request was completed. (0x12B)
[0423/180127.291:WARNING:pe_image_reader.cc(340)] could not read dos header from C:\Windows\SYSTEM32\IPHLPAPI.DLL
[0423/180127.300:ERROR:process_memory_win.cc(73)] ReadMemory at 0x7ffc42e80000 of 64 bytes failed: Only part of a ReadProcessMemory or WriteProcessMemory request was completed. (0x12B)
[0423/180127.301:WARNING:pe_image_reader.cc(340)] could not read dos header from C:\Windows\SYSTEM32\OLEACC.dll
[0423/180127.301:ERROR:process_memory_win.cc(73)] ReadMemory at 0x7ffc35880000 of 64 bytes failed: Only part of a ReadProcessMemory or WriteProcessMemory request was completed. (0x12B)
[0423/180127.301:WARNING:pe_image_reader.cc(340)] could not read dos header from C:\Windows\SYSTEM32\DWrite.dll
[0423/180127.301:ERROR:process_memory_win.cc(73)] ReadMemory at 0x7ffc45d80000 of 64 bytes failed: Only part of a ReadProcessMemory or WriteProcessMemory request was completed. (0x12B)
[0423/180127.301:WARNING:pe_image_reader.cc(340)] could not read dos header from C:\Windows\SYSTEM32\dxgi.dll
[0423/180127.301:ERROR:process_memory_win.cc(73)] ReadMemory at 0x7ffc403d0000 of 64 bytes failed: Only part of a ReadProcessMemory or WriteProcessMemory request was completed. (0x12B)
[0423/180127.301:WARNING:pe_image_reader.cc(340)] could not read dos header from C:\Windows\SYSTEM32\WINSPOOL.DRV
[0423/180127.301:ERROR:process_memory_win.cc(73)] ReadMemory at 0x7ffc3c8b0000 of 64 bytes failed: Only part of a ReadProcessMemory or WriteProcessMemory request was completed. (0x12B)
[0423/180127.301:WARNING:pe_image_reader.cc(340)] could not read dos header from C:\Windows\SYSTEM32\dbghelp.dll
[0423/180127.301:ERROR:process_memory_win.cc(73)] ReadMemory at 0x7ffc3bbd0000 of 64 bytes failed: Only part of a ReadProcessMemory or WriteProcessMemory request was completed. (0x12B)
[0423/180127.301:WARNING:pe_image_reader.cc(340)] could not read dos header from C:\Windows\SYSTEM32\USP10.dll
[0423/180127.301:ERROR:process_memory_win.cc(73)] ReadMemory at 0x7ffc42910000 of 64 bytes failed: Only part of a ReadProcessMemory or WriteProcessMemory request was completed. (0x12B)
[0423/180127.301:WARNING:pe_image_reader.cc(340)] could not read dos header from C:\Windows\WinSxS\amd64_microsoft.windows.common-controls_6595b64144ccf1df_6.0.10240.16384_none_f41f7b285750ef43\COMCTL32.dll
[0423/180127.301:ERROR:process_memory_win.cc(73)] ReadMemory at 0x7ffc440a0000 of 64 bytes failed: Only part of a ReadProcessMemory or WriteProcessMemory request was completed. (0x12B)
[0423/180127.301:WARNING:pe_image_reader.cc(340)] could not read dos header from C:\Windows\SYSTEM32\WINHTTP.dll
[0423/180127.302:ERROR:process_memory_win.cc(73)] ReadMemory at 0x7ffc43b70000 of 64 bytes failed: Only part of a ReadProcessMemory or WriteProcessMemory request was completed. (0x12B)
[0423/180127.302:WARNING:pe_image_reader.cc(340)] could not read dos header from C:\Windows\SYSTEM32\urlmon.dll
[0423/180127.302:ERROR:process_memory_win.cc(73)] ReadMemory at 0x7ffc3b100000 of 64 bytes failed: Only part of a ReadProcessMemory or WriteProcessMemory request was completed. (0x12B)
[0423/180127.302:WARNING:pe_image_reader.cc(340)] could not read dos header from C:\Windows\SYSTEM32\Secur32.dll
[0423/180127.302:ERROR:process_memory_win.cc(73)] ReadMemory at 0x7ffc44290000 of 64 bytes failed: Only part of a ReadProcessMemory or WriteProcessMemory request was completed. (0x12B)
[0423/180127.302:WARNING:pe_image_reader.cc(340)] could not read dos header from C:\Windows\SYSTEM32\dhcpcsvc.DLL
[0423/180127.302:ERROR:process_memory_win.cc(73)] ReadMemory at 0x7ffc44760000 of 64 bytes failed: Only part of a ReadProcessMemory or WriteProcessMemory request was completed. (0x12B)
[0423/180127.302:WARNING:pe_image_reader.cc(340)] could not read dos header from C:\Windows\SYSTEM32\WINNSI.DLL
[0423/180127.302:ERROR:process_memory_win.cc(73)] ReadMemory at 0x7ffc47ba0000 of 64 bytes failed: Only part of a ReadProcessMemory or WriteProcessMemory request was completed. (0x12B)
[0423/180127.302:WARNING:pe_image_reader.cc(340)] could not read dos header from C:\Windows\SYSTEM32\bcrypt.dll
[0423/180127.302:ERROR:process_memory_win.cc(73)] ReadMemory at 0x7ffc437f0000 of 64 bytes failed: Only part of a ReadProcessMemory or WriteProcessMemory request was completed. (0x12B)
[0423/180127.302:WARNING:pe_image_reader.cc(340)] could not read dos header from C:\Windows\SYSTEM32\iertutil.dll
[0423/180127.302:ERROR:process_memory_win.cc(73)] ReadMemory at 0x7ffc47cb0000 of 64 bytes failed: Only part of a ReadProcessMemory or WriteProcessMemory request was completed. (0x12B)
[0423/180127.302:WARNING:pe_image_reader.cc(340)] could not read dos header from C:\Windows\SYSTEM32\SSPICLI.DLL
[0423/180127.302:ERROR:process_memory_win.cc(73)] ReadMemory at 0x7ff665e00000 of 64 bytes failed: Only part of a ReadProcessMemory or WriteProcessMemory request was completed. (0x12B)
[0423/180127.302:WARNING:pe_image_reader.cc(340)] could not read dos header from C:\Program Files (x86)\Google\Chrome\Application\chrome.exe
[0423/180127.303:ERROR:process_memory_win.cc(73)] ReadMemory at 0x7ff665e00000 of 64 bytes failed: Only part of a ReadProcessMemory or WriteProcessMemory request was completed. (0x12B)
[0423/180127.303:WARNING:pe_image_reader.cc(340)] could not read dos header from C:\Program Files (x86)\Google\Chrome\Application\chrome.exe
[0423/180127.303:ERROR:process_memory_win.cc(73)] ReadMemory at 0x7ffc4b630000 of 64 bytes failed: Only part of a ReadProcessMemory or WriteProcessMemory request was completed. (0x12B)
[0423/180127.303:WARNING:pe_image_reader.cc(340)] could not read dos header from C:\Windows\SYSTEM32\ntdll.dll
[0423/180127.303:ERROR:process_memory_win.cc(73)] ReadMemory at 0x7ffc4b630000 of 64 bytes failed: Only part of a ReadProcessMemory or WriteProcessMemory request was completed. (0x12B)
[0423/180127.303:WARNING:pe_image_reader.cc(340)] could not read dos header from C:\Windows\SYSTEM32\ntdll.dll
[0423/180127.303:ERROR:process_memory_win.cc(73)] ReadMemory at 0x7ffc48d00000 of 64 bytes failed: Only part of a ReadProcessMemory or WriteProcessMemory request was completed. (0x12B)
[0423/180127.303:WARNING:pe_image_reader.cc(340)] could not read dos header from C:\Windows\system32\KERNEL32.DLL
[0423/180127.303:ERROR:process_memory_win.cc(73)] ReadMemory at 0x7ffc48d00000 of 64 bytes failed: Only part of a ReadProcessMemory or WriteProcessMemory request was completed. (0x12B)
[0423/180127.303:WARNING:pe_image_reader.cc(340)] could not read dos header from C:\Windows\system32\KERNEL32.DLL
[0423/180127.303:ERROR:process_memory_win.cc(73)] ReadMemory at 0x7ffc48210000 of 64 bytes failed: Only part of a ReadProcessMemory or WriteProcessMemory request was completed. (0x12B)
[0423/180127.303:WARNING:pe_image_reader.cc(340)] could not read dos header from C:\Windows\system32\KERNELBASE.dll
[0423/180127.303:ERROR:process_memory_win.cc(73)] ReadMemory at 0x7ffc48210000 of 64 bytes failed: Only part of a ReadProcessMemory or WriteProcessMemory request was completed. (0x12B)
[0423/180127.303:WARNING:pe_image_reader.cc(340)] could not read dos header from C:\Windows\system32\KERNELBASE.dll
[0423/180127.303:ERROR:process_memory_win.cc(73)] ReadMemory at 0x7ffc48e10000 of 64 bytes failed: Only part of a ReadProcessMemory or WriteProcessMemory request was completed. (0x12B)
[0423/180127.303:WARNING:pe_image_reader.cc(340)] could not read dos header from C:\Windows\system32\SHELL32.dll
[0423/180127.303:ERROR:process_memory_win.cc(73)] ReadMemory at 0x7ffc48e10000 of 64 bytes failed: Only part of a ReadProcessMemory or WriteProcessMemory request was completed. (0x12B)
[0423/180127.303:WARNING:pe_image_reader.cc(340)] could not read dos header from C:\Windows\system32\SHELL32.dll
[0423/180127.303:ERROR:process_memory_win.cc(73)] ReadMemory at 0x7ffc4af90000 of 64 bytes failed: Only part of a ReadProcessMemory or WriteProcessMemory request was completed. (0x12B)
[0423/180127.304:WARNING:pe_image_reader.cc(340)] could not read dos header from C:\Windows\system32\msvcrt.dll
[0423/180127.304:ERROR:process_memory_win.cc(73)] ReadMemory at 0x7ffc4af90000 of 64 bytes failed: Only part of a ReadProcessMemory or WriteProcessMemory request was completed. (0x12B)
[0423/180127.304:WARNING:pe_image_reader.cc(340)] could not read dos header from C:\Windows\system32\msvcrt.dll
[0423/180127.304:ERROR:process_memory_win.cc(73)] ReadMemory at 0x7ffc48680000 of 64 bytes failed: Only part of a ReadProcessMemory or WriteProcessMemory request was completed. (0x12B)
[0423/180127.304:WARNING:pe_image_reader.cc(340)] could not read dos header from C:\Windows\system32\windows.storage.dll
[0423/180127.304:ERROR:process_memory_win.cc(73)] ReadMemory at 0x7ffc48680000 of 64 bytes failed: Only part of a ReadProcessMemory or WriteProcessMemory request was completed. (0x12B)
[0423/180127.304:WARNING:pe_image_reader.cc(340)] could not read dos header from C:\Windows\system32\windows.storage.dll
[0423/180127.304:ERROR:process_memory_win.cc(73)] ReadMemory at 0x7ffc4b180000 of 64 bytes failed: Only part of a ReadProcessMemory or WriteProcessMemory request was completed. (0x12B)
[0423/180127.304:WARNING:pe_image_reader.cc(340)] could not read dos header from C:\Windows\system32\combase.dll
[0423/180127.304:ERROR:process_memory_win.cc(73)] ReadMemory at 0x7ffc4b180000 of 64 bytes failed: Only part of a ReadProcessMemory or WriteProcessMemory request was completed. (0x12B)
[0423/180127.304:WARNING:pe_image_reader.cc(340)] could not read dos header from C:\Windows\system32\combase.dll
[0423/180127.304:ERROR:process_memory_win.cc(73)] ReadMemory at 0x7ffc4a6c0000 of 64 bytes failed: Only part of a ReadProcessMemory or WriteProcessMemory request was completed. (0x12B)
[0423/180127.304:WARNING:pe_image_reader.cc(340)] could not read dos header from C:\Windows\system32\RPCRT4.dll
[0423/180127.304:ERROR:process_memory_win.cc(73)] ReadMemory at 0x7ffc4a6c0000 of 64 bytes failed: Only part of a ReadProcessMemory or WriteProcessMemory request was completed. (0x12B)
[0423/180127.304:WARNING:pe_image_reader.cc(340)] could not read dos header from C:\Windows\system32\RPCRT4.dll
[0423/180127.304:ERROR:process_memory_win.cc(73)] ReadMemory at 0x7ffc4a600000 of 64 bytes failed: Only part of a ReadProcessMemory or WriteProcessMemory request was completed. (0x12B)
[0423/180127.304:WARNING:pe_image_reader.cc(340)] could not read dos header from C:\Windows\system32\advapi32.dll
[0423/180127.304:ERROR:process_memory_win.cc(73)] ReadMemory at 0x7ffc4a600000 of 64 bytes failed: Only part of a ReadProcessMemory or WriteProcessMemory request was completed. (0x12B)
[0423/180127.304:WARNING:pe_image_reader.cc(340)] could not read dos header from C:\Windows\system32\advapi32.dll
[0423/180127.305:ERROR:process_memory_win.cc(73)] ReadMemory at 0x7ffc4a4e0000 of 64 bytes failed: Only part of a ReadProcessMemory or WriteProcessMemory request was completed. (0x12B)
[0423/180127.305:WARNING:pe_image_reader.cc(340)] could not read dos header from C:\Windows\system32\sechost.dll
[0423/180127.305:ERROR:process_memory_win.cc(73)] ReadMemory at 0x7ffc4a4e0000 of 64 bytes failed: Only part of a ReadProcessMemory or WriteProcessMemory request was completed. (0x12B)
[0423/180127.305:WARNING:pe_image_reader.cc(340)] could not read dos header from C:\Windows\system32\sechost.dll
[0423/180127.305:ERROR:process_memory_win.cc(73)] ReadMemory at 0x7ffc4a9c0000 of 64 bytes failed: Only part of a ReadProcessMemory or WriteProcessMemory request was completed. (0x12B)
[0423/180127.305:WARNING:pe_image_reader.cc(340)] could not read dos header from C:\Windows\system32\shlwapi.dll
[0423/180127.305:ERROR:process_memory_win.cc(73)] ReadMemory at 0x7ffc4a9c0000 of 64 bytes failed: Only part of a ReadProcessMemory or WriteProcessMemory request was completed. (0x12B)
[0423/180127.305:WARNING:pe_image_reader.cc(340)] could not read dos header from C:\Windows\system32\shlwapi.dll
[0423/180127.305:ERROR:process_memory_win.cc(73)] ReadMemory at 0x7ffc4a340000 of 64 bytes failed: Only part of a ReadProcessMemory or WriteProcessMemory request was completed. (0x12B)
[0423/180127.305:WARNING:pe_image_reader.cc(340)] could not read dos header from C:\Windows\system32\GDI32.dll
[0423/180127.305:ERROR:process_memory_win.cc(73)] ReadMemory at 0x7ffc4a340000 of 64 bytes failed: Only part of a ReadProcessMemory or WriteProcessMemory request was completed. (0x12B)
[0423/180127.305:WARNING:pe_image_reader.cc(340)] could not read dos header from C:\Windows\system32\GDI32.dll
[0423/180127.305:ERROR:process_memory_win.cc(73)] ReadMemory at 0x7ffc4b030000 of 64 bytes failed: Only part of a ReadProcessMemory or WriteProcessMemory request was completed. (0x12B)
[0423/180127.305:WARNING:pe_image_reader.cc(340)] could not read dos header from C:\Windows\system32\USER32.dll
[0423/180127.305:ERROR:process_memory_win.cc(73)] ReadMemory at 0x7ffc4b030000 of 64 bytes failed: Only part of a ReadProcessMemory or WriteProcessMemory request was completed. (0x12B)
[0423/180127.305:WARNING:pe_image_reader.cc(340)] could not read dos header from C:\Windows\system32\USER32.dll
[0423/180127.305:ERROR:process_memory_win.cc(73)] ReadMemory at 0x7ffc48060000 of 64 bytes failed: Only part of a ReadProcessMemory or WriteProcessMemory request was completed. (0x12B)
[0423/180127.305:WARNING:pe_image_reader.cc(340)] could not read dos header from C:\Windows\system32\kernel.appcore.dll
[0423/180127.305:ERROR:process_memory_win.cc(73)] ReadMemory at 0x7ffc48060000 of 64 bytes failed: Only part of a ReadProcessMemory or WriteProcessMemory request was completed. (0x12B)
[0423/180127.306:WARNING:pe_image_reader.cc(340)] could not read dos header from C:\Windows\system32\kernel.appcore.dll
[0423/180127.306:ERROR:process_memory_win.cc(73)] ReadMemory at 0x7ffc483f0000 of 64 bytes failed: Only part of a ReadProcessMemory or WriteProcessMemory request was completed. (0x12B)
[0423/180127.306:WARNING:pe_image_reader.cc(340)] could not read dos header from C:\Windows\system32\shcore.dll
[0423/180127.306:ERROR:process_memory_win.cc(73)] ReadMemory at 0x7ffc483f0000 of 64 bytes failed: Only part of a ReadProcessMemory or WriteProcessMemory request was completed. (0x12B)
[0423/180127.306:WARNING:pe_image_reader.cc(340)] could not read dos header from C:\Windows\system32\shcore.dll
[0423/180127.306:ERROR:process_memory_win.cc(73)] ReadMemory at 0x7ffc48070000 of 64 bytes failed: Only part of a ReadProcessMemory or WriteProcessMemory request was completed. (0x12B)
[0423/180127.306:WARNING:pe_image_reader.cc(340)] could not read dos header from C:\Windows\system32\powrprof.dll
[0423/180127.306:ERROR:process_memory_win.cc(73)] ReadMemory at 0x7ffc48070000 of 64 bytes failed: Only part of a ReadProcessMemory or WriteProcessMemory request was completed. (0x12B)
[0423/180127.306:WARNING:pe_image_reader.cc(340)] could not read dos header from C:\Windows\system32\powrprof.dll
[0423/180127.306:ERROR:process_memory_win.cc(73)] ReadMemory at 0x7ffc480e0000 of 64 bytes failed: Only part of a ReadProcessMemory or WriteProcessMemory request was completed. (0x12B)
[0423/180127.306:WARNING:pe_image_reader.cc(340)] could not read dos header from C:\Windows\system32\profapi.dll
[0423/180127.306:ERROR:process_memory_win.cc(73)] ReadMemory at 0x7ffc480e0000 of 64 bytes failed: Only part of a ReadProcessMemory or WriteProcessMemory request was completed. (0x12B)
[0423/180127.306:WARNING:pe_image_reader.cc(340)] could not read dos header from C:\Windows\system32\profapi.dll
[0423/180127.306:ERROR:process_memory_win.cc(73)] ReadMemory at 0x7ffc2f430000 of 64 bytes failed: Only part of a ReadProcessMemory or WriteProcessMemory request was completed. (0x12B)
[0423/180127.306:WARNING:pe_image_reader.cc(340)] could not read dos header from C:\Program Files (x86)\Google\Chrome\Application\73.0.3683.103\chrome_elf.dll
[0423/180127.306:ERROR:process_memory_win.cc(73)] ReadMemory at 0x7ffc2f430000 of 64 bytes failed: Only part of a ReadProcessMemory or WriteProcessMemory request was completed. (0x12B)
[0423/180127.306:WARNING:pe_image_reader.cc(340)] could not read dos header from C:\Program Files (x86)\Google\Chrome\Application\73.0.3683.103\chrome_elf.dll
[0423/180127.306:ERROR:process_memory_win.cc(73)] ReadMemory at 0x7ffc40380000 of 64 bytes failed: Only part of a ReadProcessMemory or WriteProcessMemory request was completed. (0x12B)
[0423/180127.306:WARNING:pe_image_reader.cc(340)] could not read dos header from C:\Windows\SYSTEM32\VERSION.dll
[0423/180127.306:ERROR:process_memory_win.cc(73)] ReadMemory at 0x7ffc40380000 of 64 bytes failed: Only part of a ReadProcessMemory or WriteProcessMemory request was completed. (0x12B)
[0423/180127.307:WARNING:pe_image_reader.cc(340)] could not read dos header from C:\Windows\SYSTEM32\VERSION.dll
[0423/180127.307:ERROR:process_memory_win.cc(73)] ReadMemory at 0x7ffc40e30000 of 64 bytes failed: Only part of a ReadProcessMemory or WriteProcessMemory request was completed. (0x12B)
[0423/180127.307:WARNING:pe_image_reader.cc(340)] could not read dos header from C:\Windows\SYSTEM32\WINMM.dll
[0423/180127.307:ERROR:process_memory_win.cc(73)] ReadMemory at 0x7ffc40e30000 of 64 bytes failed: Only part of a ReadProcessMemory or WriteProcessMemory request was completed. (0x12B)
[0423/180127.307:WARNING:pe_image_reader.cc(340)] could not read dos header from C:\Windows\SYSTEM32\WINMM.dll
[0423/180127.307:ERROR:process_memory_win.cc(73)] ReadMemory at 0x7ffc47670000 of 64 bytes failed: Only part of a ReadProcessMemory or WriteProcessMemory request was completed. (0x12B)
[0423/180127.307:WARNING:pe_image_reader.cc(340)] could not read dos header from C:\Windows\SYSTEM32\USERENV.dll
[0423/180127.307:ERROR:process_memory_win.cc(73)] ReadMemory at 0x7ffc47670000 of 64 bytes failed: Only part of a ReadProcessMemory or WriteProcessMemory request was completed. (0x12B)
[0423/180127.307:WARNING:pe_image_reader.cc(340)] could not read dos header from C:\Windows\SYSTEM32\USERENV.dll
[0423/180127.307:ERROR:process_memory_win.cc(73)] ReadMemory at 0x7ffc40e00000 of 64 bytes failed: Only part of a ReadProcessMemory or WriteProcessMemory request was completed. (0x12B)
[0423/180127.307:WARNING:pe_image_reader.cc(340)] could not read dos header from C:\Windows\SYSTEM32\WINMMBASE.dll
[0423/180127.307:ERROR:process_memory_win.cc(73)] ReadMemory at 0x7ffc40e00000 of 64 bytes failed: Only part of a ReadProcessMemory or WriteProcessMemory request was completed. (0x12B)
[0423/180127.307:WARNING:pe_image_reader.cc(340)] could not read dos header from C:\Windows\SYSTEM32\WINMMBASE.dll
[0423/180127.307:ERROR:process_memory_win.cc(73)] ReadMemory at 0x7ffc48cb0000 of 64 bytes failed: Only part of a ReadProcessMemory or WriteProcessMemory request was completed. (0x12B)
[0423/180127.307:WARNING:pe_image_reader.cc(340)] could not read dos header from C:\Windows\system32\cfgmgr32.dll
[0423/180127.307:ERROR:process_memory_win.cc(73)] ReadMemory at 0x7ffc48cb0000 of 64 bytes failed: Only part of a ReadProcessMemory or WriteProcessMemory request was completed. (0x12B)
[0423/180127.307:WARNING:pe_image_reader.cc(340)] could not read dos header from C:\Windows\system32\cfgmgr32.dll
[0423/180127.308:ERROR:process_memory_win.cc(73)] ReadMemory at 0x7ffc469f0000 of 64 bytes failed: Only part of a ReadProcessMemory or WriteProcessMemory request was completed. (0x12B)
[0423/180127.308:WARNING:pe_image_reader.cc(340)] could not read dos header from C:\Windows\SYSTEM32\DEVOBJ.dll
[0423/180127.308:ERROR:process_memory_win.cc(73)] ReadMemory at 0x7ffc469f0000 of 64 bytes failed: Only part of a ReadProcessMemory or WriteProcessMemory request was completed. (0x12B)
[0423/180127.308:WARNING:pe_image_reader.cc(340)] could not read dos header from C:\Windows\SYSTEM32\DEVOBJ.dll
[0423/180127.308:ERROR:process_memory_win.cc(73)] ReadMemory at 0x7ffc47aa0000 of 64 bytes failed: Only part of a ReadProcessMemory or WriteProcessMemory request was completed. (0x12B)
[0423/180127.308:WARNING:pe_image_reader.cc(340)] could not read dos header from C:\Windows\SYSTEM32\CRYPTBASE.DLL
[0423/180127.308:ERROR:process_memory_win.cc(73)] ReadMemory at 0x7ffc47aa0000 of 64 bytes failed: Only part of a ReadProcessMemory or WriteProcessMemory request was completed. (0x12B)
[0423/180127.308:WARNING:pe_image_reader.cc(340)] could not read dos header from C:\Windows\SYSTEM32\CRYPTBASE.DLL
[0423/180127.308:ERROR:process_memory_win.cc(73)] ReadMemory at 0x7ffc47eb0000 of 64 bytes failed: Only part of a ReadProcessMemory or WriteProcessMemory request was completed. (0x12B)
[0423/180127.308:WARNING:pe_image_reader.cc(340)] could not read dos header from C:\Windows\SYSTEM32\bcryptPrimitives.dll
[0423/180127.308:ERROR:process_memory_win.cc(73)] ReadMemory at 0x7ffc47eb0000 of 64 bytes failed: Only part of a ReadProcessMemory or WriteProcessMemory request was completed. (0x12B)
[0423/180127.308:WARNING:pe_image_reader.cc(340)] could not read dos header from C:\Windows\SYSTEM32\bcryptPrimitives.dll
[0423/180127.308:ERROR:process_memory_win.cc(73)] ReadMemory at 0x7ffc4af50000 of 64 bytes failed: Only part of a ReadProcessMemory or WriteProcessMemory request was completed. (0x12B)
[0423/180127.308:WARNING:pe_image_reader.cc(340)] could not read dos header from C:\Windows\system32\IMM32.DLL
[0423/180127.308:ERROR:process_memory_win.cc(73)] ReadMemory at 0x7ffc4af50000 of 64 bytes failed: Only part of a ReadProcessMemory or WriteProcessMemory request was completed. (0x12B)
[0423/180127.308:WARNING:pe_image_reader.cc(340)] could not read dos header from C:\Windows\system32\IMM32.DLL
[0423/180127.308:ERROR:process_memory_win.cc(73)] ReadMemory at 0x7ffc4abf0000 of 64 bytes failed: Only part of a ReadProcessMemory or WriteProcessMemory request was completed. (0x12B)
[0423/180127.308:WARNING:pe_image_reader.cc(340)] could not read dos header from C:\Windows\system32\MSCTF.dll
[0423/180127.308:ERROR:process_memory_win.cc(73)] ReadMemory at 0x7ffc4abf0000 of 64 bytes failed: Only part of a ReadProcessMemory or WriteProcessMemory request was completed. (0x12B)
[0423/180127.309:WARNING:pe_image_reader.cc(340)] could not read dos header from C:\Windows\system32\MSCTF.dll
[0423/180127.309:ERROR:process_memory_win.cc(73)] ReadMemory at 0x7ffc21c10000 of 64 bytes failed: Only part of a ReadProcessMemory or WriteProcessMemory request was completed. (0x12B)
[0423/180127.309:WARNING:pe_image_reader.cc(340)] could not read dos header from C:\Program Files (x86)\Google\Chrome\Application\73.0.3683.103\chrome_child.dll
[0423/180127.309:ERROR:process_memory_win.cc(73)] ReadMemory at 0x7ffc21c10000 of 64 bytes failed: Only part of a ReadProcessMemory or WriteProcessMemory request was completed. (0x12B)
[0423/180127.309:WARNING:pe_image_reader.cc(340)] could not read dos header from C:\Program Files (x86)\Google\Chrome\Application\73.0.3683.103\chrome_child.dll
[0423/180127.309:ERROR:process_memory_win.cc(73)] ReadMemory at 0x7ffc4b550000 of 64 bytes failed: Only part of a ReadProcessMemory or WriteProcessMemory request was completed. (0x12B)
[0423/180127.309:WARNING:pe_image_reader.cc(340)] could not read dos header from C:\Windows\system32\WS2_32.dll
[0423/180127.309:ERROR:process_memory_win.cc(73)] ReadMemory at 0x7ffc4b550000 of 64 bytes failed: Only part of a ReadProcessMemory or WriteProcessMemory request was completed. (0x12B)
[0423/180127.309:WARNING:pe_image_reader.cc(340)] could not read dos header from C:\Windows\system32\WS2_32.dll
[0423/180127.309:ERROR:process_memory_win.cc(73)] ReadMemory at 0x9b38e20000 of 64 bytes failed: Only part of a ReadProcessMemory or WriteProcessMemory request was completed. (0x12B)
[0423/180127.309:WARNING:pe_image_reader.cc(340)] could not read dos header from C:\Windows\system32\NSI.dll
[0423/180127.309:ERROR:process_memory_win.cc(73)] ReadMemory at 0x9b38e20000 of 64 bytes failed: Only part of a ReadProcessMemory or WriteProcessMemory request was completed. (0x12B)
[0423/180127.309:WARNING:pe_image_reader.cc(340)] could not read dos header from C:\Windows\system32\NSI.dll
[0423/180127.309:ERROR:process_memory_win.cc(73)] ReadMemory at 0x7ffc4ad50000 of 64 bytes failed: Only part of a ReadProcessMemory or WriteProcessMemory request was completed. (0x12B)
[0423/180127.309:WARNING:pe_image_reader.cc(340)] could not read dos header from C:\Windows\system32\ole32.dll
[0423/180127.309:ERROR:process_memory_win.cc(73)] ReadMemory at 0x7ffc4ad50000 of 64 bytes failed: Only part of a ReadProcessMemory or WriteProcessMemory request was completed. (0x12B)
[0423/180127.309:WARNING:pe_image_reader.cc(340)] could not read dos header from C:\Windows\system32\ole32.dll
[0423/180127.309:ERROR:process_memory_win.cc(73)] ReadMemory at 0x7ffc4a540000 of 64 bytes failed: Only part of a ReadProcessMemory or WriteProcessMemory request was completed. (0x12B)
[0423/180127.309:WARNING:pe_image_reader.cc(340)] could not read dos header from C:\Windows\system32\OLEAUT32.dll
[0423/180127.310:ERROR:process_memory_win.cc(73)] ReadMemory at 0x7ffc4a540000 of 64 bytes failed: Only part of a ReadProcessMemory or WriteProcessMemory request was completed. (0x12B)
[0423/180127.310:WARNING:pe_image_reader.cc(340)] could not read dos header from C:\Windows\system32\OLEAUT32.dll
[0423/180127.310:ERROR:process_memory_win.cc(73)] ReadMemory at 0x7ffc481b0000 of 64 bytes failed: Only part of a ReadProcessMemory or WriteProcessMemory request was completed. (0x12B)
[0423/180127.310:WARNING:pe_image_reader.cc(340)] could not read dos header from C:\Windows\system32\WINTRUST.dll
[0423/180127.310:ERROR:process_memory_win.cc(73)] ReadMemory at 0x7ffc481b0000 of 64 bytes failed: Only part of a ReadProcessMemory or WriteProcessMemory request was completed. (0x12B)
[0423/180127.310:WARNING:pe_image_reader.cc(340)] could not read dos header from C:\Windows\system32\WINTRUST.dll
[0423/180127.310:ERROR:process_memory_win.cc(73)] ReadMemory at 0x7ffc480c0000 of 64 bytes failed: Only part of a ReadProcessMemory or WriteProcessMemory request was completed. (0x12B)
[0423/180127.310:WARNING:pe_image_reader.cc(340)] could not read dos header from C:\Windows\system32\MSASN1.dll
[0423/180127.310:ERROR:process_memory_win.cc(73)] ReadMemory at 0x7ffc480c0000 of 64 bytes failed: Only part of a ReadProcessMemory or WriteProcessMemory request was completed. (0x12B)
[0423/180127.310:WARNING:pe_image_reader.cc(340)] could not read dos header from C:\Windows\system32\MSASN1.dll
[0423/180127.310:ERROR:process_memory_win.cc(73)] ReadMemory at 0x7ffc484b0000 of 64 bytes failed: Only part of a ReadProcessMemory or WriteProcessMemory request was completed. (0x12B)
[0423/180127.310:WARNING:pe_image_reader.cc(340)] could not read dos header from C:\Windows\system32\CRYPT32.dll
[0423/180127.310:ERROR:process_memory_win.cc(73)] ReadMemory at 0x7ffc484b0000 of 64 bytes failed: Only part of a ReadProcessMemory or WriteProcessMemory request was completed. (0x12B)
[0423/180127.310:WARNING:pe_image_reader.cc(340)] could not read dos header from C:\Windows\system32\CRYPT32.dll
[0423/180127.310:ERROR:process_memory_win.cc(73)] ReadMemory at 0x7ffc4b460000 of 64 bytes failed: Only part of a ReadProcessMemory or WriteProcessMemory request was completed. (0x12B)
[0423/180127.310:WARNING:pe_image_reader.cc(340)] could not read dos header from C:\Windows\system32\COMDLG32.dll
[0423/180127.310:ERROR:process_memory_win.cc(73)] ReadMemory at 0x7ffc4b460000 of 64 bytes failed: Only part of a ReadProcessMemory or WriteProcessMemory request was completed. (0x12B)
[0423/180127.310:WARNING:pe_image_reader.cc(340)] could not read dos header from C:\Windows\system32\COMDLG32.dll
[0423/180127.310:ERROR:process_memory_win.cc(73)] ReadMemory at 0x7ffc44770000 of 64 bytes failed: Only part of a ReadProcessMemory or WriteProcessMemory request was completed. (0x12B)
[0423/180127.310:WARNING:pe_image_reader.cc(340)] could not read dos header from C:\Windows\SYSTEM32\IPHLPAPI.DLL
[0423/180127.311:ERROR:process_memory_win.cc(73)] ReadMemory at 0x7ffc44770000 of 64 bytes failed: Only part of a ReadProcessMemory or WriteProcessMemory request was completed. (0x12B)
[0423/180127.311:WARNING:pe_image_reader.cc(340)] could not read dos header from C:\Windows\SYSTEM32\IPHLPAPI.DLL
[0423/180127.311:ERROR:process_memory_win.cc(73)] ReadMemory at 0x7ffc42e80000 of 64 bytes failed: Only part of a ReadProcessMemory or WriteProcessMemory request was completed. (0x12B)
[0423/180127.311:WARNING:pe_image_reader.cc(340)] could not read dos header from C:\Windows\SYSTEM32\OLEACC.dll
[0423/180127.311:ERROR:process_memory_win.cc(73)] ReadMemory at 0x7ffc42e80000 of 64 bytes failed: Only part of a ReadProcessMemory or WriteProcessMemory request was completed. (0x12B)
[0423/180127.311:WARNING:pe_image_reader.cc(340)] could not read dos header from C:\Windows\SYSTEM32\OLEACC.dll
[0423/180127.311:ERROR:process_memory_win.cc(73)] ReadMemory at 0x7ffc35880000 of 64 bytes failed: Only part of a ReadProcessMemory or WriteProcessMemory request was completed. (0x12B)
[0423/180127.311:WARNING:pe_image_reader.cc(340)] could not read dos header from C:\Windows\SYSTEM32\DWrite.dll
[0423/180127.311:ERROR:process_memory_win.cc(73)] ReadMemory at 0x7ffc35880000 of 64 bytes failed: Only part of a ReadProcessMemory or WriteProcessMemory request was completed. (0x12B)
[0423/180127.311:WARNING:pe_image_reader.cc(340)] could not read dos header from C:\Windows\SYSTEM32\DWrite.dll
[0423/180127.311:ERROR:process_memory_win.cc(73)] ReadMemory at 0x7ffc45d80000 of 64 bytes failed: Only part of a ReadProcessMemory or WriteProcessMemory request was completed. (0x12B)
[0423/180127.311:WARNING:pe_image_reader.cc(340)] could not read dos header from C:\Windows\SYSTEM32\dxgi.dll
[0423/180127.311:ERROR:process_memory_win.cc(73)] ReadMemory at 0x7ffc45d80000 of 64 bytes failed: Only part of a ReadProcessMemory or WriteProcessMemory request was completed. (0x12B)
[0423/180127.311:WARNING:pe_image_reader.cc(340)] could not read dos header from C:\Windows\SYSTEM32\dxgi.dll
[0423/180127.311:ERROR:process_memory_win.cc(73)] ReadMemory at 0x7ffc403d0000 of 64 bytes failed: Only part of a ReadProcessMemory or WriteProcessMemory request was completed. (0x12B)
[0423/180127.311:WARNING:pe_image_reader.cc(340)] could not read dos header from C:\Windows\SYSTEM32\WINSPOOL.DRV
[0423/180127.311:ERROR:process_memory_win.cc(73)] ReadMemory at 0x7ffc403d0000 of 64 bytes failed: Only part of a ReadProcessMemory or WriteProcessMemory request was completed. (0x12B)
[0423/180127.311:WARNING:pe_image_reader.cc(340)] could not read dos header from C:\Windows\SYSTEM32\WINSPOOL.DRV
[0423/180127.311:ERROR:process_memory_win.cc(73)] ReadMemory at 0x7ffc3c8b0000 of 64 bytes failed: Only part of a ReadProcessMemory or WriteProcessMemory request was completed. (0x12B)
[0423/180127.312:WARNING:pe_image_reader.cc(340)] could not read dos header from C:\Windows\SYSTEM32\dbghelp.dll
[0423/180127.312:ERROR:process_memory_win.cc(73)] ReadMemory at 0x7ffc3c8b0000 of 64 bytes failed: Only part of a ReadProcessMemory or WriteProcessMemory request was completed. (0x12B)
[0423/180127.312:WARNING:pe_image_reader.cc(340)] could not read dos header from C:\Windows\SYSTEM32\dbghelp.dll
[0423/180127.312:ERROR:process_memory_win.cc(73)] ReadMemory at 0x7ffc3bbd0000 of 64 bytes failed: Only part of a ReadProcessMemory or WriteProcessMemory request was completed. (0x12B)
[0423/180127.312:WARNING:pe_image_reader.cc(340)] could not read dos header from C:\Windows\SYSTEM32\USP10.dll
[0423/180127.312:ERROR:process_memory_win.cc(73)] ReadMemory at 0x7ffc3bbd0000 of 64 bytes failed: Only part of a ReadProcessMemory or WriteProcessMemory request was completed. (0x12B)
[0423/180127.312:WARNING:pe_image_reader.cc(340)] could not read dos header from C:\Windows\SYSTEM32\USP10.dll
[0423/180127.312:ERROR:process_memory_win.cc(73)] ReadMemory at 0x7ffc42910000 of 64 bytes failed: Only part of a ReadProcessMemory or WriteProcessMemory request was completed. (0x12B)
[0423/180127.312:WARNING:pe_image_reader.cc(340)] could not read dos header from C:\Windows\WinSxS\amd64_microsoft.windows.common-controls_6595b64144ccf1df_6.0.10240.16384_none_f41f7b285750ef43\COMCTL32.dll
[0423/180127.312:ERROR:process_memory_win.cc(73)] ReadMemory at 0x7ffc42910000 of 64 bytes failed: Only part of a ReadProcessMemory or WriteProcessMemory request was completed. (0x12B)
[0423/180127.312:WARNING:pe_image_reader.cc(340)] could not read dos header from C:\Windows\WinSxS\amd64_microsoft.windows.common-controls_6595b64144ccf1df_6.0.10240.16384_none_f41f7b285750ef43\COMCTL32.dll
[0423/180127.312:ERROR:process_memory_win.cc(73)] ReadMemory at 0x7ffc440a0000 of 64 bytes failed: Only part of a ReadProcessMemory or WriteProcessMemory request was completed. (0x12B)
[0423/180127.312:WARNING:pe_image_reader.cc(340)] could not read dos header from C:\Windows\SYSTEM32\WINHTTP.dll
[0423/180127.312:ERROR:process_memory_win.cc(73)] ReadMemory at 0x7ffc440a0000 of 64 bytes failed: Only part of a ReadProcessMemory or WriteProcessMemory request was completed. (0x12B)
[0423/180127.312:WARNING:pe_image_reader.cc(340)] could not read dos header from C:\Windows\SYSTEM32\WINHTTP.dll
[0423/180127.312:ERROR:process_memory_win.cc(73)] ReadMemory at 0x7ffc43b70000 of 64 bytes failed: Only part of a ReadProcessMemory or WriteProcessMemory request was completed. (0x12B)
[0423/180127.312:WARNING:pe_image_reader.cc(340)] could not read dos header from C:\Windows\SYSTEM32\urlmon.dll
[0423/180127.312:ERROR:process_memory_win.cc(73)] ReadMemory at 0x7ffc43b70000 of 64 bytes failed: Only part of a ReadProcessMemory or WriteProcessMemory request was completed. (0x12B)
[0423/180127.312:WARNING:pe_image_reader.cc(340)] could not read dos header from C:\Windows\SYSTEM32\urlmon.dll
[0423/180127.312:ERROR:process_memory_win.cc(73)] ReadMemory at 0x7ffc3b100000 of 64 bytes failed: Only part of a ReadProcessMemory or WriteProcessMemory request was completed. (0x12B)
[0423/180127.313:WARNING:pe_image_reader.cc(340)] could not read dos header from C:\Windows\SYSTEM32\Secur32.dll
[0423/180127.313:ERROR:process_memory_win.cc(73)] ReadMemory at 0x7ffc3b100000 of 64 bytes failed: Only part of a ReadProcessMemory or WriteProcessMemory request was completed. (0x12B)
[0423/180127.313:WARNING:pe_image_reader.cc(340)] could not read dos header from C:\Windows\SYSTEM32\Secur32.dll
[0423/180127.313:ERROR:process_memory_win.cc(73)] ReadMemory at 0x7ffc44290000 of 64 bytes failed: Only part of a ReadProcessMemory or WriteProcessMemory request was completed. (0x12B)
[0423/180127.313:WARNING:pe_image_reader.cc(340)] could not read dos header from C:\Windows\SYSTEM32\dhcpcsvc.DLL
[0423/180127.313:ERROR:process_memory_win.cc(73)] ReadMemory at 0x7ffc44290000 of 64 bytes failed: Only part of a ReadProcessMemory or WriteProcessMemory request was completed. (0x12B)
[0423/180127.313:WARNING:pe_image_reader.cc(340)] could not read dos header from C:\Windows\SYSTEM32\dhcpcsvc.DLL
[0423/180127.313:ERROR:process_memory_win.cc(73)] ReadMemory at 0x7ffc44760000 of 64 bytes failed: Only part of a ReadProcessMemory or WriteProcessMemory request was completed. (0x12B)
[0423/180127.313:WARNING:pe_image_reader.cc(340)] could not read dos header from C:\Windows\SYSTEM32\WINNSI.DLL
[0423/180127.313:ERROR:process_memory_win.cc(73)] ReadMemory at 0x7ffc44760000 of 64 bytes failed: Only part of a ReadProcessMemory or WriteProcessMemory request was completed. (0x12B)
[0423/180127.313:WARNING:pe_image_reader.cc(340)] could not read dos header from C:\Windows\SYSTEM32\WINNSI.DLL
[0423/180127.313:ERROR:process_memory_win.cc(73)] ReadMemory at 0x7ffc47ba0000 of 64 bytes failed: Only part of a ReadProcessMemory or WriteProcessMemory request was completed. (0x12B)
[0423/180127.313:WARNING:pe_image_reader.cc(340)] could not read dos header from C:\Windows\SYSTEM32\bcrypt.dll
[0423/180127.313:ERROR:process_memory_win.cc(73)] ReadMemory at 0x7ffc47ba0000 of 64 bytes failed: Only part of a ReadProcessMemory or WriteProcessMemory request was completed. (0x12B)
[0423/180127.313:WARNING:pe_image_reader.cc(340)] could not read dos header from C:\Windows\SYSTEM32\bcrypt.dll
[0423/180127.313:ERROR:process_memory_win.cc(73)] ReadMemory at 0x7ffc437f0000 of 64 bytes failed: Only part of a ReadProcessMemory or WriteProcessMemory request was completed. (0x12B)
[0423/180127.313:WARNING:pe_image_reader.cc(340)] could not read dos header from C:\Windows\SYSTEM32\iertutil.dll
[0423/180127.313:ERROR:process_memory_win.cc(73)] ReadMemory at 0x7ffc437f0000 of 64 bytes failed: Only part of a ReadProcessMemory or WriteProcessMemory request was completed. (0x12B)
[0423/180127.313:WARNING:pe_image_reader.cc(340)] could not read dos header from C:\Windows\SYSTEM32\iertutil.dll
[0423/180127.313:ERROR:process_memory_win.cc(73)] ReadMemory at 0x7ffc47cb0000 of 64 bytes failed: Only part of a ReadProcessMemory or WriteProcessMemory request was completed. (0x12B)
[0423/180127.314:WARNING:pe_image_reader.cc(340)] could not read dos header from C:\Windows\SYSTEM32\SSPICLI.DLL
[0423/180127.314:ERROR:process_memory_win.cc(73)] ReadMemory at 0x7ffc47cb0000 of 64 bytes failed: Only part of a ReadProcessMemory or WriteProcessMemory request was completed. (0x12B)
[0423/180127.314:WARNING:pe_image_reader.cc(340)] could not read dos header from C:\Windows\SYSTEM32\SSPICLI.DLL
[0423/180138.249:ERROR:process_memory_win.cc(73)] ReadMemory at 0x7ff665e00000 of 64 bytes failed: Only part of a ReadProcessMemory or WriteProcessMemory request was completed. (0x12B)
[0423/180138.250:WARNING:pe_image_reader.cc(340)] could not read dos header from C:\Program Files (x86)\Google\Chrome\Application\chrome.exe
[0423/180138.250:ERROR:process_memory_win.cc(73)] ReadMemory at 0x7ffc4b630000 of 64 bytes failed: Only part of a ReadProcessMemory or WriteProcessMemory request was completed. (0x12B)
[0423/180138.250:WARNING:pe_image_reader.cc(340)] could not read dos header from C:\Windows\SYSTEM32\ntdll.dll
[0423/180138.250:ERROR:process_memory_win.cc(73)] ReadMemory at 0x7ffc48d00000 of 64 bytes failed: Only part of a ReadProcessMemory or WriteProcessMemory request was completed. (0x12B)
[0423/180138.250:WARNING:pe_image_reader.cc(340)] could not read dos header from C:\Windows\system32\KERNEL32.DLL
[0423/180138.250:ERROR:process_memory_win.cc(73)] ReadMemory at 0x7ffc48210000 of 64 bytes failed: Only part of a ReadProcessMemory or WriteProcessMemory request was completed. (0x12B)
[0423/180138.250:WARNING:pe_image_reader.cc(340)] could not read dos header from C:\Windows\system32\KERNELBASE.dll
[0423/180138.251:ERROR:process_memory_win.cc(73)] ReadMemory at 0x7ffc48e10000 of 64 bytes failed: Only part of a ReadProcessMemory or WriteProcessMemory request was completed. (0x12B)
[0423/180138.251:WARNING:pe_image_reader.cc(340)] could not read dos header from C:\Windows\system32\SHELL32.dll
[0423/180138.251:ERROR:process_memory_win.cc(73)] ReadMemory at 0x7ffc4af90000 of 64 bytes failed: Only part of a ReadProcessMemory or WriteProcessMemory request was completed. (0x12B)
[0423/180138.251:WARNING:pe_image_reader.cc(340)] could not read dos header from C:\Windows\system32\msvcrt.dll
[0423/180138.251:ERROR:process_memory_win.cc(73)] ReadMemory at 0x7ffc48680000 of 64 bytes failed: Only part of a ReadProcessMemory or WriteProcessMemory request was completed. (0x12B)
[0423/180138.251:WARNING:pe_image_reader.cc(340)] could not read dos header from C:\Windows\system32\windows.storage.dll
[0423/180138.251:ERROR:process_memory_win.cc(73)] ReadMemory at 0x7ffc4b180000 of 64 bytes failed: Only part of a ReadProcessMemory or WriteProcessMemory request was completed. (0x12B)
[0423/180138.251:WARNING:pe_image_reader.cc(340)] could not read dos header from C:\Windows\system32\combase.dll
[0423/180138.251:ERROR:process_memory_win.cc(73)] ReadMemory at 0x7ffc4a6c0000 of 64 bytes failed: Only part of a ReadProcessMemory or WriteProcessMemory request was completed. (0x12B)
[0423/180138.251:WARNING:pe_image_reader.cc(340)] could not read dos header from C:\Windows\system32\RPCRT4.dll
[0423/180138.252:ERROR:process_memory_win.cc(73)] ReadMemory at 0x7ffc4a600000 of 64 bytes failed: Only part of a ReadProcessMemory or WriteProcessMemory request was completed. (0x12B)
[0423/180138.252:WARNING:pe_image_reader.cc(340)] could not read dos header from C:\Windows\system32\advapi32.dll
[0423/180138.252:ERROR:process_memory_win.cc(73)] ReadMemory at 0x7ffc4a4e0000 of 64 bytes failed: Only part of a ReadProcessMemory or WriteProcessMemory request was completed. (0x12B)
[0423/180138.252:WARNING:pe_image_reader.cc(340)] could not read dos header from C:\Windows\system32\sechost.dll
[0423/180138.252:ERROR:process_memory_win.cc(73)] ReadMemory at 0x7ffc4a9c0000 of 64 bytes failed: Only part of a ReadProcessMemory or WriteProcessMemory request was completed. (0x12B)
[0423/180138.252:WARNING:pe_image_reader.cc(340)] could not read dos header from C:\Windows\system32\shlwapi.dll
[0423/180138.252:ERROR:process_memory_win.cc(73)] ReadMemory at 0x7ffc4a340000 of 64 bytes failed: Only part of a ReadProcessMemory or WriteProcessMemory request was completed. (0x12B)
[0423/180138.252:WARNING:pe_image_reader.cc(340)] could not read dos header from C:\Windows\system32\GDI32.dll
[0423/180138.252:ERROR:process_memory_win.cc(73)] ReadMemory at 0x7ffc4b030000 of 64 bytes failed: Only part of a ReadProcessMemory or WriteProcessMemory request was completed. (0x12B)
[0423/180138.252:WARNING:pe_image_reader.cc(340)] could not read dos header from C:\Windows\system32\USER32.dll
[0423/180138.253:ERROR:process_memory_win.cc(73)] ReadMemory at 0x7ffc48060000 of 64 bytes failed: Only part of a ReadProcessMemory or WriteProcessMemory request was completed. (0x12B)
[0423/180138.253:WARNING:pe_image_reader.cc(340)] could not read dos header from C:\Windows\system32\kernel.appcore.dll
[0423/180138.253:ERROR:process_memory_win.cc(73)] ReadMemory at 0x7ffc483f0000 of 64 bytes failed: Only part of a ReadProcessMemory or WriteProcessMemory request was completed. (0x12B)
[0423/180138.253:WARNING:pe_image_reader.cc(340)] could not read dos header from C:\Windows\system32\shcore.dll
[0423/180138.253:ERROR:process_memory_win.cc(73)] ReadMemory at 0x7ffc48070000 of 64 bytes failed: Only part of a ReadProcessMemory or WriteProcessMemory request was completed. (0x12B)
[0423/180138.253:WARNING:pe_image_reader.cc(340)] could not read dos header from C:\Windows\system32\powrprof.dll
[0423/180138.253:ERROR:process_memory_win.cc(73)] ReadMemory at 0x7ffc480e0000 of 64 bytes failed: Only part of a ReadProcessMemory or WriteProcessMemory request was completed. (0x12B)
[0423/180138.253:WARNING:pe_image_reader.cc(340)] could not read dos header from C:\Windows\system32\profapi.dll
[0423/180138.253:ERROR:process_memory_win.cc(73)] ReadMemory at 0x7ffc2f430000 of 64 bytes failed: Only part of a ReadProcessMemory or WriteProcessMemory request was completed. (0x12B)
[0423/180138.253:WARNING:pe_image_reader.cc(340)] could not read dos header from C:\Program Files (x86)\Google\Chrome\Application\73.0.3683.103\chrome_elf.dll
[0423/180138.254:ERROR:process_memory_win.cc(73)] ReadMemory at 0x7ffc40380000 of 64 bytes failed: Only part of a ReadProcessMemory or WriteProcessMemory request was completed. (0x12B)
[0423/180138.254:WARNING:pe_image_reader.cc(340)] could not read dos header from C:\Windows\SYSTEM32\VERSION.dll
[0423/180138.254:ERROR:process_memory_win.cc(73)] ReadMemory at 0x7ffc40e30000 of 64 bytes failed: Only part of a ReadProcessMemory or WriteProcessMemory request was completed. (0x12B)
[0423/180138.254:WARNING:pe_image_reader.cc(340)] could not read dos header from C:\Windows\SYSTEM32\WINMM.dll
[0423/180138.254:ERROR:process_memory_win.cc(73)] ReadMemory at 0x7ffc47670000 of 64 bytes failed: Only part of a ReadProcessMemory or WriteProcessMemory request was completed. (0x12B)
[0423/180138.254:WARNING:pe_image_reader.cc(340)] could not read dos header from C:\Windows\SYSTEM32\USERENV.dll
[0423/180138.254:ERROR:process_memory_win.cc(73)] ReadMemory at 0x7ffc40e00000 of 64 bytes failed: Only part of a ReadProcessMemory or WriteProcessMemory request was completed. (0x12B)
[0423/180138.254:WARNING:pe_image_reader.cc(340)] could not read dos header from C:\Windows\SYSTEM32\WINMMBASE.dll
[0423/180138.254:ERROR:process_memory_win.cc(73)] ReadMemory at 0x7ffc48cb0000 of 64 bytes failed: Only part of a ReadProcessMemory or WriteProcessMemory request was completed. (0x12B)
[0423/180138.254:WARNING:pe_image_reader.cc(340)] could not read dos header from C:\Windows\system32\cfgmgr32.dll
[0423/180138.255:ERROR:process_memory_win.cc(73)] ReadMemory at 0x7ffc469f0000 of 64 bytes failed: Only part of a ReadProcessMemory or WriteProcessMemory request was completed. (0x12B)
[0423/180138.255:WARNING:pe_image_reader.cc(340)] could not read dos header from C:\Windows\SYSTEM32\DEVOBJ.dll
[0423/180138.255:ERROR:process_memory_win.cc(73)] ReadMemory at 0x7ffc47aa0000 of 64 bytes failed: Only part of a ReadProcessMemory or WriteProcessMemory request was completed. (0x12B)
[0423/180138.255:WARNING:pe_image_reader.cc(340)] could not read dos header from C:\Windows\SYSTEM32\CRYPTBASE.DLL
[0423/180138.255:ERROR:process_memory_win.cc(73)] ReadMemory at 0x7ffc47eb0000 of 64 bytes failed: Only part of a ReadProcessMemory or WriteProcessMemory request was completed. (0x12B)
[0423/180138.255:WARNING:pe_image_reader.cc(340)] could not read dos header from C:\Windows\SYSTEM32\bcryptPrimitives.dll
[0423/180138.256:ERROR:process_memory_win.cc(73)] ReadMemory at 0x7ffc4af50000 of 64 bytes failed: Only part of a ReadProcessMemory or WriteProcessMemory request was completed. (0x12B)
[0423/180138.256:WARNING:pe_image_reader.cc(340)] could not read dos header from C:\Windows\system32\IMM32.DLL
[0423/180138.256:ERROR:process_memory_win.cc(73)] ReadMemory at 0x7ffc4abf0000 of 64 bytes failed: Only part of a ReadProcessMemory or WriteProcessMemory request was completed. (0x12B)
[0423/180138.256:WARNING:pe_image_reader.cc(340)] could not read dos header from C:\Windows\system32\MSCTF.dll
[0423/180138.256:ERROR:process_memory_win.cc(73)] ReadMemory at 0x7ffc21c10000 of 64 bytes failed: Only part of a ReadProcessMemory or WriteProcessMemory request was completed. (0x12B)
[0423/180138.256:WARNING:pe_image_reader.cc(340)] could not read dos header from C:\Program Files (x86)\Google\Chrome\Application\73.0.3683.103\chrome_child.dll
[0423/180138.256:ERROR:process_memory_win.cc(73)] ReadMemory at 0x7ffc4b550000 of 64 bytes failed: Only part of a ReadProcessMemory or WriteProcessMemory request was completed. (0x12B)
[0423/180138.256:WARNING:pe_image_reader.cc(340)] could not read dos header from C:\Windows\system32\WS2_32.dll
[0423/180138.256:ERROR:process_memory_win.cc(73)] ReadMemory at 0x9b38e20000 of 64 bytes failed: Only part of a ReadProcessMemory or WriteProcessMemory request was completed. (0x12B)
[0423/180138.256:WARNING:pe_image_reader.cc(340)] could not read dos header from C:\Windows\system32\NSI.dll
[0423/180138.257:ERROR:process_memory_win.cc(73)] ReadMemory at 0x7ffc4ad50000 of 64 bytes failed: Only part of a ReadProcessMemory or WriteProcessMemory request was completed. (0x12B)
[0423/180138.257:WARNING:pe_image_reader.cc(340)] could not read dos header from C:\Windows\system32\ole32.dll
[0423/180138.257:ERROR:process_memory_win.cc(73)] ReadMemory at 0x7ffc4a540000 of 64 bytes failed: Only part of a ReadProcessMemory or WriteProcessMemory request was completed. (0x12B)
[0423/180138.257:WARNING:pe_image_reader.cc(340)] could not read dos header from C:\Windows\system32\OLEAUT32.dll
[0423/180138.257:ERROR:process_memory_win.cc(73)] ReadMemory at 0x7ffc481b0000 of 64 bytes failed: Only part of a ReadProcessMemory or WriteProcessMemory request was completed. (0x12B)
[0423/180138.257:WARNING:pe_image_reader.cc(340)] could not read dos header from C:\Windows\system32\WINTRUST.dll
[0423/180138.257:ERROR:process_memory_win.cc(73)] ReadMemory at 0x7ffc480c0000 of 64 bytes failed: Only part of a ReadProcessMemory or WriteProcessMemory request was completed. (0x12B)
[0423/180138.257:WARNING:pe_image_reader.cc(340)] could not read dos header from C:\Windows\system32\MSASN1.dll
[0423/180138.257:ERROR:process_memory_win.cc(73)] ReadMemory at 0x7ffc484b0000 of 64 bytes failed: Only part of a ReadProcessMemory or WriteProcessMemory request was completed. (0x12B)
[0423/180138.257:WARNING:pe_image_reader.cc(340)] could not read dos header from C:\Windows\system32\CRYPT32.dll
[0423/180138.258:ERROR:process_memory_win.cc(73)] ReadMemory at 0x7ffc4b460000 of 64 bytes failed: Only part of a ReadProcessMemory or WriteProcessMemory request was completed. (0x12B)
[0423/180138.258:WARNING:pe_image_reader.cc(340)] could not read dos header from C:\Windows\system32\COMDLG32.dll
[0423/180138.258:ERROR:process_memory_win.cc(73)] ReadMemory at 0x7ffc44770000 of 64 bytes failed: Only part of a ReadProcessMemory or WriteProcessMemory request was completed. (0x12B)
[0423/180138.258:WARNING:pe_image_reader.cc(340)] could not read dos header from C:\Windows\SYSTEM32\IPHLPAPI.DLL
[0423/180138.258:ERROR:process_memory_win.cc(73)] ReadMemory at 0x7ffc42e80000 of 64 bytes failed: Only part of a ReadProcessMemory or WriteProcessMemory request was completed. (0x12B)
[0423/180138.259:WARNING:pe_image_reader.cc(340)] could not read dos header from C:\Windows\SYSTEM32\OLEACC.dll
[0423/180138.259:ERROR:process_memory_win.cc(73)] ReadMemory at 0x7ffc35880000 of 64 bytes failed: Only part of a ReadProcessMemory or WriteProcessMemory request was completed. (0x12B)
[0423/180138.259:WARNING:pe_image_reader.cc(340)] could not read dos header from C:\Windows\SYSTEM32\DWrite.dll
[0423/180138.259:ERROR:process_memory_win.cc(73)] ReadMemory at 0x7ffc45d80000 of 64 bytes failed: Only part of a ReadProcessMemory or WriteProcessMemory request was completed. (0x12B)
[0423/180138.259:WARNING:pe_image_reader.cc(340)] could not read dos header from C:\Windows\SYSTEM32\dxgi.dll
[0423/180138.259:ERROR:process_memory_win.cc(73)] ReadMemory at 0x7ffc403d0000 of 64 bytes failed: Only part of a ReadProcessMemory or WriteProcessMemory request was completed. (0x12B)
[0423/180138.259:WARNING:pe_image_reader.cc(340)] could not read dos header from C:\Windows\SYSTEM32\WINSPOOL.DRV
[0423/180138.259:ERROR:process_memory_win.cc(73)] ReadMemory at 0x7ffc3c8b0000 of 64 bytes failed: Only part of a ReadProcessMemory or WriteProcessMemory request was completed. (0x12B)
[0423/180138.259:WARNING:pe_image_reader.cc(340)] could not read dos header from C:\Windows\SYSTEM32\dbghelp.dll
[0423/180138.259:ERROR:process_memory_win.cc(73)] ReadMemory at 0x7ffc3bbd0000 of 64 bytes failed: Only part of a ReadProcessMemory or WriteProcessMemory request was completed. (0x12B)
[0423/180138.260:WARNING:pe_image_reader.cc(340)] could not read dos header from C:\Windows\SYSTEM32\USP10.dll
[0423/180138.260:ERROR:process_memory_win.cc(73)] ReadMemory at 0x7ffc42910000 of 64 bytes failed: Only part of a ReadProcessMemory or WriteProcessMemory request was completed. (0x12B)
[0423/180138.260:WARNING:pe_image_reader.cc(340)] could not read dos header from C:\Windows\WinSxS\amd64_microsoft.windows.common-controls_6595b64144ccf1df_6.0.10240.16384_none_f41f7b285750ef43\COMCTL32.dll
[0423/180138.260:ERROR:process_memory_win.cc(73)] ReadMemory at 0x7ffc440a0000 of 64 bytes failed: Only part of a ReadProcessMemory or WriteProcessMemory request was completed. (0x12B)
[0423/180138.260:WARNING:pe_image_reader.cc(340)] could not read dos header from C:\Windows\SYSTEM32\WINHTTP.dll
[0423/180138.260:ERROR:process_memory_win.cc(73)] ReadMemory at 0x7ffc43b70000 of 64 bytes failed: Only part of a ReadProcessMemory or WriteProcessMemory request was completed. (0x12B)
[0423/180138.260:WARNING:pe_image_reader.cc(340)] could not read dos header from C:\Windows\SYSTEM32\urlmon.dll
[0423/180138.260:ERROR:process_memory_win.cc(73)] ReadMemory at 0x7ffc3b100000 of 64 bytes failed: Only part of a ReadProcessMemory or WriteProcessMemory request was completed. (0x12B)
[0423/180138.260:WARNING:pe_image_reader.cc(340)] could not read dos header from C:\Windows\SYSTEM32\Secur32.dll
[0423/180138.261:ERROR:process_memory_win.cc(73)] ReadMemory at 0x7ffc44290000 of 64 bytes failed: Only part of a ReadProcessMemory or WriteProcessMemory request was completed. (0x12B)
[0423/180138.261:WARNING:pe_image_reader.cc(340)] could not read dos header from C:\Windows\SYSTEM32\dhcpcsvc.DLL
[0423/180138.261:ERROR:process_memory_win.cc(73)] ReadMemory at 0x7ffc44760000 of 64 bytes failed: Only part of a ReadProcessMemory or WriteProcessMemory request was completed. (0x12B)
[0423/180138.261:WARNING:pe_image_reader.cc(340)] could not read dos header from C:\Windows\SYSTEM32\WINNSI.DLL
[0423/180138.261:ERROR:process_memory_win.cc(73)] ReadMemory at 0x7ffc47ba0000 of 64 bytes failed: Only part of a ReadProcessMemory or WriteProcessMemory request was completed. (0x12B)
[0423/180138.261:WARNING:pe_image_reader.cc(340)] could not read dos header from C:\Windows\SYSTEM32\bcrypt.dll
[0423/180138.261:ERROR:process_memory_win.cc(73)] ReadMemory at 0x7ffc437f0000 of 64 bytes failed: Only part of a ReadProcessMemory or WriteProcessMemory request was completed. (0x12B)
[0423/180138.261:WARNING:pe_image_reader.cc(340)] could not read dos header from C:\Windows\SYSTEM32\iertutil.dll
[0423/180138.261:ERROR:process_memory_win.cc(73)] ReadMemory at 0x7ffc47cb0000 of 64 bytes failed: Only part of a ReadProcessMemory or WriteProcessMemory request was completed. (0x12B)
[0423/180138.261:WARNING:pe_image_reader.cc(340)] could not read dos header from C:\Windows\SYSTEM32\SSPICLI.DLL
[0423/180138.468:ERROR:process_memory_win.cc(73)] ReadMemory at 0x9b38c8a000 of 24576 bytes failed: Only part of a ReadProcessMemory or WriteProcessMemory request was completed. (0x12B)
[0423/180138.604:ERROR:process_memory_win.cc(73)] ReadMemory at 0x9b3b11e000 of 8192 bytes failed: Only part of a ReadProcessMemory or WriteProcessMemory request was completed. (0x12B)
[0423/180138.699:ERROR:process_memory_win.cc(73)] ReadMemory at 0x9b3b31e000 of 8192 bytes failed: Only part of a ReadProcessMemory or WriteProcessMemory request was completed. (0x12B)
[0423/180138.699:ERROR:process_memory_win.cc(73)] ReadMemory at 0x9b3b51e000 of 8192 bytes failed: Only part of a ReadProcessMemory or WriteProcessMemory request was completed. (0x12B)
[0423/180138.699:ERROR:process_memory_win.cc(73)] ReadMemory at 0x9b3b71e000 of 8192 bytes failed: Only part of a ReadProcessMemory or WriteProcessMemory request was completed. (0x12B)
[0423/180138.700:ERROR:process_memory_win.cc(73)] ReadMemory at 0x9b3b91d000 of 12288 bytes failed: Only part of a ReadProcessMemory or WriteProcessMemory request was completed. (0x12B)
[0423/180138.700:ERROR:process_memory_win.cc(73)] ReadMemory at 0x9b3bb1d000 of 12288 bytes failed: Only part of a ReadProcessMemory or WriteProcessMemory request was completed. (0x12B)
[0423/180138.701:ERROR:process_memory_win.cc(73)] ReadMemory at 0x9b3bd1e000 of 8192 bytes failed: Only part of a ReadProcessMemory or WriteProcessMemory request was completed. (0x12B)
[0423/180138.701:ERROR:process_memory_win.cc(73)] ReadMemory at 0x9b3bf1e000 of 8192 bytes failed: Only part of a ReadProcessMemory or WriteProcessMemory request was completed. (0x12B)
[0423/180138.701:ERROR:process_memory_win.cc(73)] ReadMemory at 0x9b3c31d000 of 12288 bytes failed: Only part of a ReadProcessMemory or WriteProcessMemory request was completed. (0x12B)
[0423/180138.701:ERROR:process_memory_win.cc(73)] ReadMemory at 0x9b3c51e000 of 8192 bytes failed: Only part of a ReadProcessMemory or WriteProcessMemory request was completed. (0x12B)
[0423/180138.701:ERROR:process_memory_win.cc(73)] ReadMemory at 0x9b3c71e000 of 8192 bytes failed: Only part of a ReadProcessMemory or WriteProcessMemory request was completed. (0x12B)
[0423/180138.702:ERROR:process_memory_win.cc(73)] ReadMemory at 0x9b3cb1e000 of 8192 bytes failed: Only part of a ReadProcessMemory or WriteProcessMemory request was completed. (0x12B)
[0423/180138.702:ERROR:process_memory_win.cc(73)] ReadMemory at 0x9b38e80860 of 3334 bytes failed: Only part of a ReadProcessMemory or WriteProcessMemory request was completed. (0x12B)
[0423/180138.702:ERROR:process_memory_win.cc(73)] ReadMemory at 0x9b38e81570 of 1012 bytes failed: Only part of a ReadProcessMemory or WriteProcessMemory request was completed. (0x12B)
[0423/180138.702:ERROR:process_memory_win.cc(73)] ReadMemory at 0x9b38e81b88 of 118 bytes failed: Only part of a ReadProcessMemory or WriteProcessMemory request was completed. (0x12B)
[0423/180138.703:ERROR:process_memory_win.cc(73)] ReadMemory at 0x9b38e81c00 of 1018 bytes failed: Only part of a ReadProcessMemory or WriteProcessMemory request was completed. (0x12B)
[0423/180138.703:ERROR:process_memory_win.cc(73)] ReadMemory at 0x9b38e81ffc of 118 bytes failed: Only part of a ReadProcessMemory or WriteProcessMemory request was completed. (0x12B)
[0423/180138.774:ERROR:process_memory_win.cc(73)] ReadMemory at 0x9b38e82074 of 96 bytes failed: Only part of a ReadProcessMemory or WriteProcessMemory request was completed. (0x12B)
[0423/180138.774:ERROR:process_memory_win.cc(73)] ReadMemory at 0x9b38e820e0 of 58 bytes failed: Only part of a ReadProcessMemory or WriteProcessMemory request was completed. (0x12B)
[0423/180138.841:ERROR:process_memory_win.cc(73)] ReadMemory at 0x9b38e821e0 of 132 bytes failed: Only part of a ReadProcessMemory or WriteProcessMemory request was completed. (0x12B)
[0423/180138.841:ERROR:process_memory_win.cc(73)] ReadMemory at 0x9b38e82360 of 132 bytes failed: Only part of a ReadProcessMemory or WriteProcessMemory request was completed. (0x12B)
[0423/180138.841:ERROR:process_memory_win.cc(73)] ReadMemory at 0x9b38e82510 of 126 bytes failed: Only part of a ReadProcessMemory or WriteProcessMemory request was completed. (0x12B)
[0423/180138.841:ERROR:process_memory_win.cc(73)] ReadMemory at 0x9b38e828c0 of 132 bytes failed: Only part of a ReadProcessMemory or WriteProcessMemory request was completed. (0x12B)
[0423/180138.841:ERROR:process_memory_win.cc(73)] ReadMemory at 0x9b38e82a40 of 64 bytes failed: Only part of a ReadProcessMemory or WriteProcessMemory request was completed. (0x12B)
[0423/180138.841:ERROR:process_memory_win.cc(73)] ReadMemory at 0x9b38e82d80 of 132 bytes failed: Only part of a ReadProcessMemory or WriteProcessMemory request was completed. (0x12B)
[0423/180138.841:ERROR:process_memory_win.cc(73)] ReadMemory at 0x9b38e82f00 of 68 bytes failed: Only part of a ReadProcessMemory or WriteProcessMemory request was completed. (0x12B)
[0423/180138.841:ERROR:process_memory_win.cc(73)] ReadMemory at 0x9b38e84090 of 132 bytes failed: Only part of a ReadProcessMemory or WriteProcessMemory request was completed. (0x12B)
[0423/180138.842:ERROR:process_memory_win.cc(73)] ReadMemory at 0x9b38e84270 of 132 bytes failed: Only part of a ReadProcessMemory or WriteProcessMemory request was completed. (0x12B)
[0423/180138.842:ERROR:process_memory_win.cc(73)] ReadMemory at 0x9b38e843c0 of 512 bytes failed: Only part of a ReadProcessMemory or WriteProcessMemory request was completed. (0x12B)
[0423/180138.896:ERROR:process_memory_win.cc(73)] ReadMemory at 0x9b38e84740 of 132 bytes failed: Only part of a ReadProcessMemory or WriteProcessMemory request was completed. (0x12B)
[0423/180138.896:ERROR:process_memory_win.cc(73)] ReadMemory at 0x9b38e848c0 of 60 bytes failed: Only part of a ReadProcessMemory or WriteProcessMemory request was completed. (0x12B)
[0423/180138.897:ERROR:process_memory_win.cc(73)] ReadMemory at 0x9b38e84910 of 158 bytes failed: Only part of a ReadProcessMemory or WriteProcessMemory request was completed. (0x12B)
[0423/180138.897:ERROR:process_memory_win.cc(73)] ReadMemory at 0x9b38e84ae0 of 132 bytes failed: Only part of a ReadProcessMemory or WriteProcessMemory request was completed. (0x12B)
[0423/180138.897:ERROR:process_memory_win.cc(73)] ReadMemory at 0x9b38e84c60 of 78 bytes failed: Only part of a ReadProcessMemory or WriteProcessMemory request was completed. (0x12B)
[0423/180138.897:ERROR:process_memory_win.cc(73)] ReadMemory at 0x9b38e85020 of 132 bytes failed: Only part of a ReadProcessMemory or WriteProcessMemory request was completed. (0x12B)
[0423/180138.898:ERROR:process_memory_win.cc(73)] ReadMemory at 0x9b38e851a0 of 62 bytes failed: Only part of a ReadProcessMemory or WriteProcessMemory request was completed. (0x12B)
[0423/180138.898:ERROR:process_memory_win.cc(73)] ReadMemory at 0x9b38e85430 of 132 bytes failed: Only part of a ReadProcessMemory or WriteProcessMemory request was completed. (0x12B)
[0423/180138.899:ERROR:process_memory_win.cc(73)] ReadMemory at 0x9b38e855b0 of 60 bytes failed: Only part of a ReadProcessMemory or WriteProcessMemory request was completed. (0x12B)
[0423/180138.899:ERROR:process_memory_win.cc(73)] ReadMemory at 0x9b38e85830 of 132 bytes failed: Only part of a ReadProcessMemory or WriteProcessMemory request was completed. (0x12B)
[0423/180138.899:ERROR:process_memory_win.cc(73)] ReadMemory at 0x9b38e859b0 of 64 bytes failed: Only part of a ReadProcessMemory or WriteProcessMemory request was completed. (0x12B)
[0423/180138.899:ERROR:process_memory_win.cc(73)] ReadMemory at 0x9b38e85c10 of 132 bytes failed: Only part of a ReadProcessMemory or WriteProcessMemory request was completed. (0x12B)
[0423/180138.899:ERROR:process_memory_win.cc(73)] ReadMemory at 0x9b38e85d90 of 62 bytes failed: Only part of a ReadProcessMemory or WriteProcessMemory request was completed. (0x12B)
[0423/180138.900:ERROR:process_memory_win.cc(73)] ReadMemory at 0x9b38e88ba0 of 132 bytes failed: Only part of a ReadProcessMemory or WriteProcessMemory request was completed. (0x12B)
[0423/180138.900:ERROR:process_memory_win.cc(73)] ReadMemory at 0x9b38e88d20 of 62 bytes failed: Only part of a ReadProcessMemory or WriteProcessMemory request was completed. (0x12B)
[0423/180138.900:ERROR:process_memory_win.cc(73)] ReadMemory at 0x9b38e88fa0 of 132 bytes failed: Only part of a ReadProcessMemory or WriteProcessMemory request was completed. (0x12B)
[0423/180138.900:ERROR:process_memory_win.cc(73)] ReadMemory at 0x9b38e89170 of 76 bytes failed: Only part of a ReadProcessMemory or WriteProcessMemory request was completed. (0x12B)
[0423/180138.900:ERROR:process_memory_win.cc(73)] ReadMemory at 0x9b38e89470 of 80 bytes failed: Only part of a ReadProcessMemory or WriteProcessMemory request was completed. (0x12B)
[0423/180138.901:ERROR:process_memory_win.cc(73)] ReadMemory at 0x9b38e898d0 of 58 bytes failed: Only part of a ReadProcessMemory or WriteProcessMemory request was completed. (0x12B)
[0423/180138.901:ERROR:process_memory_win.cc(73)] ReadMemory at 0x9b38e89ac0 of 132 bytes failed: Only part of a ReadProcessMemory or WriteProcessMemory request was completed. (0x12B)
[0423/180138.901:ERROR:process_memory_win.cc(73)] ReadMemory at 0x9b38e89be0 of 60 bytes failed: Only part of a ReadProcessMemory or WriteProcessMemory request was completed. (0x12B)
[0423/180138.901:ERROR:process_memory_win.cc(73)] ReadMemory at 0x9b38e89e30 of 132 bytes failed: Only part of a ReadProcessMemory or WriteProcessMemory request was completed. (0x12B)
[0423/180138.901:ERROR:process_memory_win.cc(73)] ReadMemory at 0x9b38e8a100 of 132 bytes failed: Only part of a ReadProcessMemory or WriteProcessMemory request was completed. (0x12B)
[0423/180138.902:ERROR:process_memory_win.cc(73)] ReadMemory at 0x9b38e8a220 of 132 bytes failed: Only part of a ReadProcessMemory or WriteProcessMemory request was completed. (0x12B)
[0423/180138.902:ERROR:process_memory_win.cc(73)] ReadMemory at 0x9b38e8a340 of 132 bytes failed: Only part of a ReadProcessMemory or WriteProcessMemory request was completed. (0x12B)
[0423/180138.902:ERROR:process_memory_win.cc(73)] ReadMemory at 0x9b38e8a460 of 132 bytes failed: Only part of a ReadProcessMemory or WriteProcessMemory request was completed. (0x12B)
[0423/180138.903:ERROR:process_memory_win.cc(73)] ReadMemory at 0x9b38e8a580 of 132 bytes failed: Only part of a ReadProcessMemory or WriteProcessMemory request was completed. (0x12B)
[0423/180138.903:ERROR:process_memory_win.cc(73)] ReadMemory at 0x9b38e8a7c0 of 132 bytes failed: Only part of a ReadProcessMemory or WriteProcessMemory request was completed. (0x12B)
[0423/180138.903:ERROR:process_memory_win.cc(73)] ReadMemory at 0x9b38e8a8e0 of 132 bytes failed: Only part of a ReadProcessMemory or WriteProcessMemory request was completed. (0x12B)
[0423/180138.903:ERROR:process_memory_win.cc(73)] ReadMemory at 0x9b38e8aa00 of 132 bytes failed: Only part of a ReadProcessMemory or WriteProcessMemory request was completed. (0x12B)
[0423/180138.904:ERROR:process_memory_win.cc(73)] ReadMemory at 0x9b38e8ab20 of 132 bytes failed: Only part of a ReadProcessMemory or WriteProcessMemory request was completed. (0x12B)
[0423/180138.904:ERROR:process_memory_win.cc(73)] ReadMemory at 0x9b38e8ac40 of 132 bytes failed: Only part of a ReadProcessMemory or WriteProcessMemory request was completed. (0x12B)
[0423/180138.904:ERROR:process_memory_win.cc(73)] ReadMemory at 0x9b38e8ad60 of 132 bytes failed: Only part of a ReadProcessMemory or WriteProcessMemory request was completed. (0x12B)
[0423/180138.904:ERROR:process_memory_win.cc(73)] ReadMemory at 0x9b38e8ae80 of 132 bytes failed: Only part of a ReadProcessMemory or WriteProcessMemory request was completed. (0x12B)
[0423/180138.905:ERROR:process_memory_win.cc(73)] ReadMemory at 0x9b38e8b0c0 of 60 bytes failed: Only part of a ReadProcessMemory or WriteProcessMemory request was completed. (0x12B)
[0423/180138.905:ERROR:process_memory_win.cc(73)] ReadMemory at 0x9b38e8b400 of 58 bytes failed: Only part of a ReadProcessMemory or WriteProcessMemory request was completed. (0x12B)
[0423/180138.905:ERROR:process_memory_win.cc(73)] ReadMemory at 0x9b38e8b4f0 of 62 bytes failed: Only part of a ReadProcessMemory or WriteProcessMemory request was completed. (0x12B)
[0423/180138.905:ERROR:process_memory_win.cc(73)] ReadMemory at 0x9b38e8b540 of 60 bytes failed: Only part of a ReadProcessMemory or WriteProcessMemory request was completed. (0x12B)
[0423/180138.906:ERROR:process_memory_win.cc(73)] ReadMemory at 0x9b38e8b590 of 64 bytes failed: Only part of a ReadProcessMemory or WriteProcessMemory request was completed. (0x12B)
[0423/180138.906:ERROR:process_memory_win.cc(73)] ReadMemory at 0x9b38e8b630 of 66 bytes failed: Only part of a ReadProcessMemory or WriteProcessMemory request was completed. (0x12B)
[0423/180138.906:ERROR:process_memory_win.cc(73)] ReadMemory at 0x9b38e8b680 of 66 bytes failed: Only part of a ReadProcessMemory or WriteProcessMemory request was completed. (0x12B)
[0423/180138.906:ERROR:process_memory_win.cc(73)] ReadMemory at 0x9b38e8b6d0 of 58 bytes failed: Only part of a ReadProcessMemory or WriteProcessMemory request was completed. (0x12B)
[0423/180138.906:ERROR:process_memory_win.cc(73)] ReadMemory at 0x9b38e8b770 of 62 bytes failed: Only part of a ReadProcessMemory or WriteProcessMemory request was completed. (0x12B)
[0423/180138.907:ERROR:process_memory_win.cc(73)] ReadMemory at 0x9b38e8b860 of 62 bytes failed: Only part of a ReadProcessMemory or WriteProcessMemory request was completed. (0x12B)
[0423/180138.907:ERROR:process_memory_win.cc(73)] ReadMemory at 0x9b38e8b8b0 of 64 bytes failed: Only part of a ReadProcessMemory or WriteProcessMemory request was completed. (0x12B)
[0423/180138.907:ERROR:process_memory_win.cc(73)] ReadMemory at 0x9b38e8b9a0 of 58 bytes failed: Only part of a ReadProcessMemory or WriteProcessMemory request was completed. (0x12B)
[0423/180138.999:ERROR:process_memory_win.cc(73)] ReadMemory at 0x9b38e8c7e0 of 154 bytes failed: Only part of a ReadProcessMemory or WriteProcessMemory request was completed. (0x12B)
[0423/180138.999:ERROR:process_memory_win.cc(73)] ReadMemory at 0x9b38e8d070 of 54 bytes failed: Only part of a ReadProcessMemory or WriteProcessMemory request was completed. (0x12B)
[0423/180138.999:ERROR:process_memory_win.cc(73)] ReadMemory at 0x9b38e8dfb0 of 132 bytes failed: Only part of a ReadProcessMemory or WriteProcessMemory request was completed. (0x12B)
[0423/180139.000:ERROR:process_memory_win.cc(73)] ReadMemory at 0x9b38e8e0d0 of 132 bytes failed: Only part of a ReadProcessMemory or WriteProcessMemory request was completed. (0x12B)
[0423/180139.001:ERROR:process_memory_win.cc(73)] ReadMemory at 0x9b38e8e1f0 of 132 bytes failed: Only part of a ReadProcessMemory or WriteProcessMemory request was completed. (0x12B)
[0423/180139.081:ERROR:process_memory_win.cc(73)] ReadMemory at 0x9b38e8e310 of 132 bytes failed: Only part of a ReadProcessMemory or WriteProcessMemory request was completed. (0x12B)
[0423/180139.082:ERROR:process_memory_win.cc(73)] ReadMemory at 0x9b38e8e430 of 132 bytes failed: Only part of a ReadProcessMemory or WriteProcessMemory request was completed. (0x12B)
[0423/180139.082:ERROR:process_memory_win.cc(73)] ReadMemory at 0x9b38e8e550 of 132 bytes failed: Only part of a ReadProcessMemory or WriteProcessMemory request was completed. (0x12B)
[0423/180139.082:ERROR:process_memory_win.cc(73)] ReadMemory at 0x9b38e8e670 of 132 bytes failed: Only part of a ReadProcessMemory or WriteProcessMemory request was completed. (0x12B)
[0423/180139.125:ERROR:process_memory_win.cc(73)] ReadMemory at 0x9b38e8e790 of 132 bytes failed: Only part of a ReadProcessMemory or WriteProcessMemory request was completed. (0x12B)
[0423/180139.125:ERROR:process_memory_win.cc(73)] ReadMemory at 0x9b38e8e8b0 of 132 bytes failed: Only part of a ReadProcessMemory or WriteProcessMemory request was completed. (0x12B)
[0423/180139.126:ERROR:process_memory_win.cc(73)] ReadMemory at 0x9b38e8e9d0 of 132 bytes failed: Only part of a ReadProcessMemory or WriteProcessMemory request was completed. (0x12B)
[0423/180139.126:ERROR:process_memory_win.cc(73)] ReadMemory at 0x9b38e8ec10 of 132 bytes failed: Only part of a ReadProcessMemory or WriteProcessMemory request was completed. (0x12B)
[0423/180139.126:ERROR:process_memory_win.cc(73)] ReadMemory at 0x9b38e8ed30 of 132 bytes failed: Only part of a ReadProcessMemory or WriteProcessMemory request was completed. (0x12B)
[0423/180139.126:ERROR:process_memory_win.cc(73)] ReadMemory at 0x9b38e8ee50 of 132 bytes failed: Only part of a ReadProcessMemory or WriteProcessMemory request was completed. (0x12B)
[0423/180139.126:ERROR:process_memory_win.cc(73)] ReadMemory at 0x9b38e8ef70 of 132 bytes failed: Only part of a ReadProcessMemory or WriteProcessMemory request was completed. (0x12B)
[0423/180139.127:ERROR:process_memory_win.cc(73)] ReadMemory at 0x9b38e8f090 of 132 bytes failed: Only part of a ReadProcessMemory or WriteProcessMemory request was completed. (0x12B)
[0423/180139.127:ERROR:process_memory_win.cc(73)] ReadMemory at 0x9b38e8f1b0 of 132 bytes failed: Only part of a ReadProcessMemory or WriteProcessMemory request was completed. (0x12B)
[0423/180139.127:ERROR:process_memory_win.cc(73)] ReadMemory at 0x9b38e8f2d0 of 132 bytes failed: Only part of a ReadProcessMemory or WriteProcessMemory request was completed. (0x12B)
[0423/180139.127:ERROR:process_memory_win.cc(73)] ReadMemory at 0x9b38e8f3f0 of 132 bytes failed: Only part of a ReadProcessMemory or WriteProcessMemory request was completed. (0x12B)
[0423/180139.128:ERROR:process_memory_win.cc(73)] ReadMemory at 0x9b38e8f510 of 132 bytes failed: Only part of a ReadProcessMemory or WriteProcessMemory request was completed. (0x12B)
[0423/180139.128:ERROR:process_memory_win.cc(73)] ReadMemory at 0x9b38e8f750 of 132 bytes failed: Only part of a ReadProcessMemory or WriteProcessMemory request was completed. (0x12B)
[0423/180139.128:ERROR:process_memory_win.cc(73)] ReadMemory at 0x9b38e8f870 of 132 bytes failed: Only part of a ReadProcessMemory or WriteProcessMemory request was completed. (0x12B)
[0423/180139.128:ERROR:process_memory_win.cc(73)] ReadMemory at 0x9b38e8f990 of 132 bytes failed: Only part of a ReadProcessMemory or WriteProcessMemory request was completed. (0x12B)
[0423/180139.128:ERROR:process_memory_win.cc(73)] ReadMemory at 0x9b38e8fab0 of 132 bytes failed: Only part of a ReadProcessMemory or WriteProcessMemory request was completed. (0x12B)
[0423/180139.128:ERROR:process_memory_win.cc(73)] ReadMemory at 0x9b38e8fbd0 of 132 bytes failed: Only part of a ReadProcessMemory or WriteProcessMemory request was completed. (0x12B)
[0423/180139.129:ERROR:process_memory_win.cc(73)] ReadMemory at 0x9b38e8fcf0 of 132 bytes failed: Only part of a ReadProcessMemory or WriteProcessMemory request was completed. (0x12B)
[0423/180139.129:ERROR:process_memory_win.cc(73)] ReadMemory at 0x9b38e8fe10 of 132 bytes failed: Only part of a ReadProcessMemory or WriteProcessMemory request was completed. (0x12B)
[0423/180139.661:ERROR:process_memory_win.cc(73)] ReadMemory at 0x9b38e919c0 of 62 bytes failed: Only part of a ReadProcessMemory or WriteProcessMemory request was completed. (0x12B)
[0423/180139.662:ERROR:process_memory_win.cc(73)] ReadMemory at 0x9b38e91a60 of 60 bytes failed: Only part of a ReadProcessMemory or WriteProcessMemory request was completed. (0x12B)
[0423/180139.662:ERROR:process_memory_win.cc(73)] ReadMemory at 0x9b38e91dd0 of 60 bytes failed: Only part of a ReadProcessMemory or WriteProcessMemory request was completed. (0x12B)
[0423/180139.662:ERROR:process_memory_win.cc(73)] ReadMemory at 0x9b38e91e20 of 60 bytes failed: Only part of a ReadProcessMemory or WriteProcessMemory request was completed. (0x12B)
[0423/180139.662:ERROR:process_memory_win.cc(73)] ReadMemory at 0x9b38e91e70 of 60 bytes failed: Only part of a ReadProcessMemory or WriteProcessMemory request was completed. (0x12B)
[0423/180139.662:ERROR:process_memory_win.cc(73)] ReadMemory at 0x9b38e91f60 of 58 bytes failed: Only part of a ReadProcessMemory or WriteProcessMemory request was completed. (0x12B)
[0423/180139.663:ERROR:process_memory_win.cc(73)] ReadMemory at 0x9b38e91fb0 of 64 bytes failed: Only part of a ReadProcessMemory or WriteProcessMemory request was completed. (0x12B)
[0423/180139.663:ERROR:process_memory_win.cc(73)] ReadMemory at 0x9b38e92000 of 64 bytes failed: Only part of a ReadProcessMemory or WriteProcessMemory request was completed. (0x12B)
[0423/180139.763:ERROR:process_memory_win.cc(73)] ReadMemory at 0x9b38e92050 of 64 bytes failed: Only part of a ReadProcessMemory or WriteProcessMemory request was completed. (0x12B)
[0423/180139.763:ERROR:process_memory_win.cc(73)] ReadMemory at 0x9b38e920a0 of 56 bytes failed: Only part of a ReadProcessMemory or WriteProcessMemory request was completed. (0x12B)
[0423/180139.791:ERROR:process_memory_win.cc(73)] ReadMemory at 0x9b38e92140 of 62 bytes failed: Only part of a ReadProcessMemory or WriteProcessMemory request was completed. (0x12B)
[0423/180139.791:ERROR:process_memory_win.cc(73)] ReadMemory at 0x9b38e92190 of 62 bytes failed: Only part of a ReadProcessMemory or WriteProcessMemory request was completed. (0x12B)
[0423/180139.873:ERROR:process_memory_win.cc(73)] ReadMemory at 0x9b38e921e0 of 60 bytes failed: Only part of a ReadProcessMemory or WriteProcessMemory request was completed. (0x12B)
[0423/180139.873:ERROR:process_memory_win.cc(73)] ReadMemory at 0x9b38e92280 of 64 bytes failed: Only part of a ReadProcessMemory or WriteProcessMemory request was completed. (0x12B)
[0423/180139.873:ERROR:process_memory_win.cc(73)] ReadMemory at 0x9b38e924b0 of 62 bytes failed: Only part of a ReadProcessMemory or WriteProcessMemory request was completed. (0x12B)
[0423/180139.873:ERROR:process_memory_win.cc(73)] ReadMemory at 0x9b38e92500 of 60 bytes failed: Only part of a ReadProcessMemory or WriteProcessMemory request was completed. (0x12B)
[0423/180139.874:ERROR:process_memory_win.cc(73)] ReadMemory at 0x9b38e925f0 of 58 bytes failed: Only part of a ReadProcessMemory or WriteProcessMemory request was completed. (0x12B)
[0423/180139.874:ERROR:process_memory_win.cc(73)] ReadMemory at 0x9b38e92690 of 62 bytes failed: Only part of a ReadProcessMemory or WriteProcessMemory request was completed. (0x12B)
[0423/180139.874:ERROR:process_memory_win.cc(73)] ReadMemory at 0x9b38e92730 of 64 bytes failed: Only part of a ReadProcessMemory or WriteProcessMemory request was completed. (0x12B)
[0423/180139.874:ERROR:process_memory_win.cc(73)] ReadMemory at 0x9b38e92780 of 64 bytes failed: Only part of a ReadProcessMemory or WriteProcessMemory request was completed. (0x12B)
[0423/180139.875:ERROR:process_memory_win.cc(73)] ReadMemory at 0x9b38e927d0 of 60 bytes failed: Only part of a ReadProcessMemory or WriteProcessMemory request was completed. (0x12B)
[0423/180139.875:ERROR:process_memory_win.cc(73)] ReadMemory at 0x9b38e928c0 of 64 bytes failed: Only part of a ReadProcessMemory or WriteProcessMemory request was completed. (0x12B)
[0423/180139.875:ERROR:process_memory_win.cc(73)] ReadMemory at 0x9b38e95580 of 250 bytes failed: Only part of a ReadProcessMemory or WriteProcessMemory request was completed. (0x12B)
[0423/180139.875:ERROR:process_memory_win.cc(73)] ReadMemory at 0x9b38ea2270 of 512 bytes failed: Only part of a ReadProcessMemory or WriteProcessMemory request was completed. (0x12B)
[0423/180139.875:ERROR:process_memory_win.cc(73)] ReadMemory at 0x9b39230000 of 384 bytes failed: Only part of a ReadProcessMemory or WriteProcessMemory request was completed. (0x12B)
[0423/180139.876:ERROR:process_memory_win.cc(73)] ReadMemory at 0x9b39610000 of 384 bytes failed: Only part of a ReadProcessMemory or WriteProcessMemory request was completed. (0x12B)
[0423/180139.876:ERROR:process_memory_win.cc(73)] ReadMemory at 0x9b3963d640 of 512 bytes failed: Only part of a ReadProcessMemory or WriteProcessMemory request was completed. (0x12B)
[0423/180139.876:ERROR:process_memory_win.cc(73)] ReadMemory at 0x9b396504a0 of 512 bytes failed: Only part of a ReadProcessMemory or WriteProcessMemory request was completed. (0x12B)
[0423/180139.876:ERROR:process_memory_win.cc(73)] ReadMemory at 0x9b39655ff0 of 512 bytes failed: Only part of a ReadProcessMemory or WriteProcessMemory request was completed. (0x12B)
[0423/180139.900:ERROR:process_memory_win.cc(73)] ReadMemory at 0x9b39657250 of 512 bytes failed: Only part of a ReadProcessMemory or WriteProcessMemory request was completed. (0x12B)
[0423/180139.900:ERROR:process_memory_win.cc(73)] ReadMemory at 0x9b396585f0 of 512 bytes failed: Only part of a ReadProcessMemory or WriteProcessMemory request was completed. (0x12B)
[0423/180139.900:ERROR:process_memory_win.cc(73)] ReadMemory at 0x9b39665780 of 512 bytes failed: Only part of a ReadProcessMemory or WriteProcessMemory request was completed. (0x12B)
[0423/180139.901:ERROR:process_memory_win.cc(73)] ReadMemory at 0x9b39678920 of 512 bytes failed: Only part of a ReadProcessMemory or WriteProcessMemory request was completed. (0x12B)
[0423/180139.901:ERROR:process_memory_win.cc(73)] ReadMemory at 0x9b3967c330 of 696 bytes failed: Only part of a ReadProcessMemory or WriteProcessMemory request was completed. (0x12B)
[0423/180139.901:ERROR:process_memory_win.cc(73)] ReadMemory at 0x9b39682740 of 512 bytes failed: Only part of a ReadProcessMemory or WriteProcessMemory request was completed. (0x12B)
[0423/180139.901:ERROR:process_memory_win.cc(73)] ReadMemory at 0x9b396c1a60 of 512 bytes failed: Only part of a ReadProcessMemory or WriteProcessMemory request was completed. (0x12B)
[0423/180139.901:ERROR:process_memory_win.cc(73)] ReadMemory at 0x9b3bf21ad0 of 512 bytes failed: Only part of a ReadProcessMemory or WriteProcessMemory request was completed. (0x12B)
[0423/180139.902:ERROR:process_memory_win.cc(73)] ReadMemory at 0x9b3bf6dee0 of 512 bytes failed: Only part of a ReadProcessMemory or WriteProcessMemory request was completed. (0x12B)
[0423/180139.902:ERROR:process_memory_win.cc(73)] ReadMemory at 0x9b3bf73450 of 512 bytes failed: Only part of a ReadProcessMemory or WriteProcessMemory request was completed. (0x12B)
[0423/180139.902:ERROR:process_memory_win.cc(73)] ReadMemory at 0x9b3bfa98a0 of 512 bytes failed: Only part of a ReadProcessMemory or WriteProcessMemory request was completed. (0x12B)
[0423/180139.902:ERROR:process_memory_win.cc(73)] ReadMemory at 0x9b3bfc9b48 of 512 bytes failed: Only part of a ReadProcessMemory or WriteProcessMemory request was completed. (0x12B)
[0423/180139.902:ERROR:process_memory_win.cc(73)] ReadMemory at 0x9b3bfcfac0 of 512 bytes failed: Only part of a ReadProcessMemory or WriteProcessMemory request was completed. (0x12B)
[0423/180139.902:ERROR:process_memory_win.cc(73)] ReadMemory at 0x9b3bfd1ba0 of 512 bytes failed: Only part of a ReadProcessMemory or WriteProcessMemory request was completed. (0x12B)
[0423/180139.903:ERROR:process_memory_win.cc(73)] ReadMemory at 0x9b3bfd6d80 of 512 bytes failed: Only part of a ReadProcessMemory or WriteProcessMemory request was completed. (0x12B)
[0423/180139.903:ERROR:process_memory_win.cc(73)] ReadMemory at 0x9b3c0b54d0 of 544 bytes failed: Only part of a ReadProcessMemory or WriteProcessMemory request was completed. (0x12B)
[0423/180139.903:ERROR:process_memory_win.cc(73)] ReadMemory at 0x7ff665390000 of 6024 bytes failed: Only part of a ReadProcessMemory or WriteProcessMemory request was completed. (0x12B)
[0423/180139.903:ERROR:process_memory_win.cc(73)] ReadMemory at 0x7ff665392000 of 6024 bytes failed: Only part of a ReadProcessMemory or WriteProcessMemory request was completed. (0x12B)
[0423/180139.934:ERROR:process_memory_win.cc(73)] ReadMemory at 0x7ff665394000 of 6024 bytes failed: Only part of a ReadProcessMemory or WriteProcessMemory request was completed. (0x12B)
[0423/180139.934:ERROR:process_memory_win.cc(73)] ReadMemory at 0x7ff665396000 of 6024 bytes failed: Only part of a ReadProcessMemory or WriteProcessMemory request was completed. (0x12B)
[0423/180139.934:ERROR:process_memory_win.cc(73)] ReadMemory at 0x7ff665398000 of 6024 bytes failed: Only part of a ReadProcessMemory or WriteProcessMemory request was completed. (0x12B)
[0423/180139.935:ERROR:process_memory_win.cc(73)] ReadMemory at 0x7ff66539a000 of 6024 bytes failed: Only part of a ReadProcessMemory or WriteProcessMemory request was completed. (0x12B)
[0423/180139.935:ERROR:process_memory_win.cc(73)] ReadMemory at 0x7ff66539c000 of 6024 bytes failed: Only part of a ReadProcessMemory or WriteProcessMemory request was completed. (0x12B)
[0423/180139.935:ERROR:process_memory_win.cc(73)] ReadMemory at 0x7ff66539e000 of 6024 bytes failed: Only part of a ReadProcessMemory or WriteProcessMemory request was completed. (0x12B)
[0423/180139.935:ERROR:process_memory_win.cc(73)] ReadMemory at 0x7ff6654c4000 of 6024 bytes failed: Only part of a ReadProcessMemory or WriteProcessMemory request was completed. (0x12B)
[0423/180139.936:ERROR:process_memory_win.cc(73)] ReadMemory at 0x7ff6654c6000 of 6024 bytes failed: Only part of a ReadProcessMemory or WriteProcessMemory request was completed. (0x12B)
[0423/180139.936:ERROR:process_memory_win.cc(73)] ReadMemory at 0x7ff6654c8000 of 6024 bytes failed: Only part of a ReadProcessMemory or WriteProcessMemory request was completed. (0x12B)
[0423/180139.936:ERROR:process_memory_win.cc(73)] ReadMemory at 0x7ff6654ca000 of 852 bytes failed: Only part of a ReadProcessMemory or WriteProcessMemory request was completed. (0x12B)
[0423/180139.936:ERROR:process_memory_win.cc(73)] ReadMemory at 0x7ff6654cc000 of 6024 bytes failed: Only part of a ReadProcessMemory or WriteProcessMemory request was completed. (0x12B)
[0423/180139.937:ERROR:process_memory_win.cc(73)] ReadMemory at 0x7ff6654ce000 of 6024 bytes failed: Only part of a ReadProcessMemory or WriteProcessMemory request was completed. (0x12B)
[0423/180140.016:ERROR:process_memory_win.cc(73)] ReadMemory at 0x7ffc21c4e62e of 512 bytes failed: Only part of a ReadProcessMemory or WriteProcessMemory request was completed. (0x12B)
[0423/180140.016:ERROR:process_memory_win.cc(73)] ReadMemory at 0x7ffc23cd7fb0 of 512 bytes failed: Only part of a ReadProcessMemory or WriteProcessMemory request was completed. (0x12B)
[0423/180140.016:ERROR:process_memory_win.cc(73)] ReadMemory at 0x7ffc2645bf00 of 512 bytes failed: Only part of a ReadProcessMemory or WriteProcessMemory request was completed. (0x12B)
[0423/180140.095:ERROR:process_memory_win.cc(73)] ReadMemory at 0x7ffc26477730 of 512 bytes failed: Only part of a ReadProcessMemory or WriteProcessMemory request was completed. (0x12B)
[0423/180140.096:ERROR:process_memory_win.cc(73)] ReadMemory at 0x7ffc26581ee8 of 512 bytes failed: Only part of a ReadProcessMemory or WriteProcessMemory request was completed. (0x12B)
[0423/180140.096:ERROR:process_memory_win.cc(73)] ReadMemory at 0x7ffc26974ac0 of 512 bytes failed: Only part of a ReadProcessMemory or WriteProcessMemory request was completed. (0x12B)
[0423/180140.096:ERROR:process_memory_win.cc(73)] ReadMemory at 0x7ffc26a67990 of 512 bytes failed: Only part of a ReadProcessMemory or WriteProcessMemory request was completed. (0x12B)
[0423/180140.096:ERROR:process_memory_win.cc(73)] ReadMemory at 0x7ffc2f43e6ee of 512 bytes failed: Only part of a ReadProcessMemory or WriteProcessMemory request was completed. (0x12B)
[0423/180140.222:ERROR:process_memory_win.cc(73)] ReadMemory at 0x7ffc2f43f823 of 512 bytes failed: Only part of a ReadProcessMemory or WriteProcessMemory request was completed. (0x12B)
[0423/180140.223:ERROR:process_memory_win.cc(73)] ReadMemory at 0x7ffc48d25680 of 512 bytes failed: Only part of a ReadProcessMemory or WriteProcessMemory request was completed. (0x12B)
[0423/180140.223:ERROR:process_memory_win.cc(73)] ReadMemory at 0x7ffc4b663100 of 512 bytes failed: Only part of a ReadProcessMemory or WriteProcessMemory request was completed. (0x12B)
[0423/180140.223:ERROR:process_memory_win.cc(73)] ReadMemory at 0x7ffc4b66aa50 of 512 bytes failed: Only part of a ReadProcessMemory or WriteProcessMemory request was completed. (0x12B)
[0423/180140.223:ERROR:process_memory_win.cc(73)] ReadMemory at 0x7ffc4b66b620 of 512 bytes failed: Only part of a ReadProcessMemory or WriteProcessMemory request was completed. (0x12B)
[0423/180140.224:ERROR:process_memory_win.cc(73)] ReadMemory at 0x7ffc4b6c34ba of 592 bytes failed: Only part of a ReadProcessMemory or WriteProcessMemory request was completed. (0x12B)
[0423/180140.224:ERROR:process_memory_win.cc(73)] ReadMemory at 0x7ffc4b6c4faa of 560 bytes failed: Only part of a ReadProcessMemory or WriteProcessMemory request was completed. (0x12B)
[0423/180140.224:ERROR:process_memory_win.cc(73)] ReadMemory at 0x7ffc4b734d40 of 512 bytes failed: Only part of a ReadProcessMemory or WriteProcessMemory request was completed. (0x12B)
[0423/180140.224:ERROR:process_memory_win.cc(73)] ReadMemory at 0x7ffc4b73a640 of 18 bytes failed: Only part of a ReadProcessMemory or WriteProcessMemory request was completed. (0x12B)
[0423/180140.224:ERROR:process_memory_win.cc(73)] ReadMemory at 0x7ffc4b7720b0 of 40 bytes failed: Only part of a ReadProcessMemory or WriteProcessMemory request was completed. (0x12B)
[0423/180140.224:ERROR:process_memory_win.cc(73)] ReadMemory at 0x7ffc4b772c28 of 48 bytes failed: Only part of a ReadProcessMemory or WriteProcessMemory request was completed. (0x12B)
[0423/180140.225:ERROR:process_memory_win.cc(73)] ReadMemory at 0x7ffc4b7751c0 of 64 bytes failed: Only part of a ReadProcessMemory or WriteProcessMemory request was completed. (0x12B)
[0423/180140.663:ERROR:scoped_process_suspend.cc(40)] NtResumeProcess: An attempt was made to access an exiting process. (0xc000010a)
